22:02:37.107 INFO  [Driver :124] creating temp directory in -Chrome
22:03:07.102 INFO  [ealrunner :38] [38;5;135m@BeforeClass-PDLRunner Running one time[0m
22:03:07.103 INFO  [Driver :213] [31;1mBrowser Setup[0m
22:03:07.395 INFO  [ConfigurationReader :19] [38;5;201m****************** Current Profile: null******************[0m
22:03:07.397 INFO  [ConfigurationReader :24] Current configFile =Configuration_RealBrowser.properties
22:03:07.409 INFO  [ealrunner :44] [38;5;135m@AfterClass-PDLRunner Running one time[0m
22:12:56.099 INFO  [Driver :124] creating temp directory in -Chrome
22:12:58.826 INFO  [Hooks :54] [38;5;54m @Before All Hooks [0m
22:12:58.827 INFO  [Driver :213] [31;1mBrowser Setup[0m
22:12:58.945 INFO  [ConfigurationReader :19] [38;5;201m****************** Current Profile: null******************[0m
22:12:58.947 INFO  [ConfigurationReader :24] Current configFile =Configuration_RealBrowser.properties
22:12:58.954 INFO  [Hooks :127] [38;5;54m @AfterAll Hooks [0m
22:12:58.955 INFO  [Hooks :129] Deleting cookies
22:12:58.978 INFO  [Hooks :132] Closing the Driver
22:12:58.978 INFO  [Hooks :139] Driver Closed
22:17:30.251 INFO  [Driver :124] creating temp directory in -Chrome
22:17:33.323 INFO  [ealrunner :38] [38;5;135m@BeforeClass-PDLRunner Running one time[0m
22:17:33.324 INFO  [Driver :213] [31;1mBrowser Setup[0m
22:17:33.633 INFO  [ConfigurationReader :19] [38;5;201m****************** Current Profile: null******************[0m
22:17:33.634 INFO  [ConfigurationReader :24] Current configFile =Configuration_RealBrowser.properties
22:17:33.640 INFO  [ealrunner :44] [38;5;135m@AfterClass-PDLRunner Running one time[0m
22:19:44.332 INFO  [Driver :124] creating temp directory in -Chrome
22:19:47.235 INFO  [Hooks :54] [38;5;54m @Before All Hooks [0m
22:19:47.235 INFO  [Driver :213] [31;1mBrowser Setup[0m
22:19:47.371 INFO  [ConfigurationReader :19] [38;5;201m****************** Current Profile: null******************[0m
22:19:47.372 INFO  [ConfigurationReader :24] Current configFile =Configuration_RealBrowser.properties
22:19:47.383 INFO  [Hooks :127] [38;5;54m @AfterAll Hooks [0m
22:19:47.383 INFO  [Hooks :129] Deleting cookies
22:19:47.408 INFO  [Hooks :132] Closing the Driver
22:19:47.409 INFO  [Hooks :139] Driver Closed
22:21:40.465 INFO  [Driver :124] creating temp directory in -Chrome
22:21:43.089 INFO  [Hooks :54] [38;5;54m @Before All Hooks [0m
22:21:43.089 INFO  [Driver :213] [31;1mBrowser Setup[0m
22:21:43.259 INFO  [ConfigurationReader :19] [38;5;201m****************** Current Profile: null******************[0m
22:21:43.260 INFO  [ConfigurationReader :24] Current configFile =Configuration_RealBrowser.properties
22:21:43.291 INFO  [Hooks :127] [38;5;54m @AfterAll Hooks [0m
22:21:43.292 INFO  [Hooks :129] Deleting cookies
22:21:43.315 INFO  [Hooks :132] Closing the Driver
22:21:43.316 INFO  [Hooks :139] Driver Closed
22:57:17.967 INFO  [Driver :124] creating temp directory in -Chrome
22:57:22.580 INFO  [ealrunner :38] [38;5;135m@BeforeClass-PDLRunner Running one time[0m
22:57:22.581 INFO  [Driver :213] [31;1mBrowser Setup[0m
22:57:23.012 INFO  [ConfigurationReader :19] [38;5;201m****************** Current Profile: null******************[0m
22:57:23.014 INFO  [ConfigurationReader :24] Current configFile =Configuration_RealBrowser.properties
22:57:23.024 INFO  [ealrunner :44] [38;5;135m@AfterClass-PDLRunner Running one time[0m
23:00:42.093 INFO  [Driver :124] creating temp directory in -Chrome
23:00:44.543 INFO  [ealrunner :38] [38;5;135m@BeforeClass-PDLRunner Running one time[0m
23:00:44.544 INFO  [Driver :213] [31;1mBrowser Setup[0m
23:00:44.782 INFO  [ConfigurationReader :19] [38;5;201m****************** Current Profile: null******************[0m
23:00:44.783 INFO  [ConfigurationReader :24] Current configFile =Configuration_RealBrowser.properties
23:00:44.789 INFO  [ealrunner :44] [38;5;135m@AfterClass-PDLRunner Running one time[0m
23:09:17.624 INFO  [Driver :124] creating temp directory in -Chrome
23:09:21.712 INFO  [ealrunner :38] [38;5;135m@BeforeClass-PDLRunner Running one time[0m
23:09:21.713 INFO  [Driver :213] [31;1mBrowser Setup[0m
23:09:21.936 INFO  [ConfigurationReader :23] [38;5;201m****************** Current Profile: null******************[0m
23:09:21.937 INFO  [ConfigurationReader :30] Current configFile =Configuration_RealBrowser.properties
23:09:21.943 INFO  [ealrunner :44] [38;5;135m@AfterClass-PDLRunner Running one time[0m
23:10:53.722 INFO  [Driver :124] creating temp directory in -Chrome
23:10:56.318 INFO  [ealrunner :38] [38;5;135m@BeforeClass-PDLRunner Running one time[0m
23:10:56.319 INFO  [Driver :213] [31;1mBrowser Setup[0m
23:10:56.477 INFO  [ConfigurationReader :23] [38;5;201m****************** Current Profile: null******************[0m
23:10:56.478 INFO  [ConfigurationReader :30] Current configFile =Configuration.properties
23:10:59.369 INFO  [Driver :219] URL Lunched:https://demo.guru99.com/
23:10:59.692 INFO  [Hooks :54] [38;5;54m @Before All Hooks [0m
23:10:59.693 INFO  [Driver :213] [31;1mBrowser Setup[0m
23:11:00.570 INFO  [Driver :219] URL Lunched:https://demo.guru99.com/
23:11:01.081 INFO  [Hooks :66] [38;5;54m @Before hook- Runs before every tcs [0m
23:11:01.082 INFO  [Hooks :68] [32;1m================================================================[0m
23:11:01.083 INFO  [Hooks :70] [32;1mScenario Title: Verify Cucumber framework setup[0m
23:11:01.083 INFO  [Hooks :71] [32;1m================================================================[0m
23:11:01.124 INFO  [Hooks :94] [38;5;54m @Before Step Hooks [0m
23:11:01.135 INFO  [StepNameListener :45] [38;5;208m================================================================[0m
23:11:01.136 WARN  [StepNameListener :46] [38;5;208mExecuting step: user is on homepage
23:11:01.137 INFO  [StepNameListener :47] [38;5;208m================================================================[0m
23:11:01.146 INFO  [Hooks :99] [38;5;54m  @after step hook [0m
23:11:01.152 INFO  [CommonMethods :1018] Capturing Screenshot
23:11:01.301 INFO  [CommonMethods :1023] Screenshot Attached
23:11:01.320 INFO  [StepNameListener :45] [38;5;208m================================================================[0m
23:11:01.321 WARN  [StepNameListener :46] [38;5;208mExecuting step: user click on lgoin button
23:11:01.321 INFO  [StepNameListener :47] [38;5;208m================================================================[0m
23:11:01.337 INFO  [Hooks :106] [38;5;54m @after hook [0m
23:11:01.339 INFO  [Hooks :107] [32;1m================================================================[0m
23:11:01.355 INFO  [Hooks :108] [38;5;54mVerify Cucumber framework setup :- Status - UNDEFINED[0m
23:11:01.356 INFO  [Hooks :109] [32;1m================================================================[0m
23:11:01.384 INFO  [Hooks :127] [38;5;54m @AfterAll Hooks [0m
23:11:01.385 INFO  [Hooks :129] Deleting cookies
23:11:01.526 INFO  [Hooks :132] Closing the Driver
23:11:01.526 INFO  [Hooks :139] Driver Closed
23:11:03.169 WARN  [FileSystemFontProvider :607] New fonts found, font cache will be re-built
23:11:03.170 WARN  [FileSystemFontProvider :360] Building on-disk font cache, this may take a while
23:11:10.829 WARN  [FileSystemFontProvider :363] Finished building on-disk font cache, found 422 fonts
23:11:13.179 INFO  [ealrunner :44] [38;5;135m@AfterClass-PDLRunner Running one time[0m
23:34:53.981 INFO  [Driver :124] creating temp directory in -Chrome
23:34:56.279 INFO  [ealrunner :38] [38;5;135m@BeforeClass-PDLRunner Running one time[0m
23:34:56.280 INFO  [Driver :213] [31;1mBrowser Setup[0m
23:34:56.485 INFO  [ConfigurationReader :23] [38;5;201m****************** Current Profile: null******************[0m
23:34:56.485 INFO  [ConfigurationReader :30] Current configFile =Configuration.properties
23:34:58.538 INFO  [Driver :219] URL Lunched:https://demo.guru99.com/
23:34:59.328 INFO  [StepNameListener :45] [38;5;208m================================================================[0m
23:34:59.329 WARN  [StepNameListener :46] [38;5;208mExecuting step: user is on homepage
23:34:59.329 INFO  [StepNameListener :47] [38;5;208m================================================================[0m
23:34:59.339 INFO  [StepNameListener :45] [38;5;208m================================================================[0m
23:34:59.340 WARN  [StepNameListener :46] [38;5;208mExecuting step: user click on lgoin button
23:34:59.340 INFO  [StepNameListener :47] [38;5;208m================================================================[0m
23:35:02.749 INFO  [ealrunner :44] [38;5;135m@AfterClass-PDLRunner Running one time[0m
23:37:34.327 INFO  [Driver :124] creating temp directory in -Chrome
23:37:37.058 INFO  [ealrunner :38] [38;5;135m@BeforeClass-PDLRunner Running one time[0m
23:37:37.059 INFO  [Driver :213] [31;1mBrowser Setup[0m
23:37:37.190 INFO  [ConfigurationReader :23] [38;5;201m****************** Current Profile: null******************[0m
23:37:37.190 INFO  [ConfigurationReader :30] Current configFile =Configuration.properties
23:37:39.183 INFO  [Driver :219] URL Lunched:https://demo.guru99.com/
23:37:39.470 INFO  [Hooks :54] [38;5;54m @Before All Hooks [0m
23:37:39.471 INFO  [Driver :213] [31;1mBrowser Setup[0m
23:37:40.550 INFO  [Driver :219] URL Lunched:https://demo.guru99.com/
23:37:41.021 INFO  [Hooks :66] [38;5;54m @Before hook- Runs before every tcs [0m
23:37:41.022 INFO  [Hooks :68] [32;1m================================================================[0m
23:37:41.023 INFO  [Hooks :70] [32;1mScenario Title: Verify Cucumber framework setup[0m
23:37:41.023 INFO  [Hooks :71] [32;1m================================================================[0m
23:37:41.162 INFO  [Hooks :94] [38;5;54m @Before Step Hooks [0m
23:37:41.171 INFO  [StepNameListener :45] [38;5;208m================================================================[0m
23:37:41.172 WARN  [StepNameListener :46] [38;5;208mExecuting step: user is on homepage
23:37:41.173 INFO  [StepNameListener :47] [38;5;208m================================================================[0m
23:37:41.179 INFO  [Hooks :99] [38;5;54m  @after step hook [0m
23:37:41.188 INFO  [CommonMethods :1018] Capturing Screenshot
23:37:41.367 INFO  [CommonMethods :1023] Screenshot Attached
23:37:41.373 INFO  [StepNameListener :45] [38;5;208m================================================================[0m
23:37:41.373 WARN  [StepNameListener :46] [38;5;208mExecuting step: user click on lgoin button
23:37:41.374 INFO  [StepNameListener :47] [38;5;208m================================================================[0m
23:37:41.379 INFO  [Hooks :106] [38;5;54m @after hook [0m
23:37:41.379 INFO  [Hooks :107] [32;1m================================================================[0m
23:37:41.382 INFO  [Hooks :108] [38;5;54mVerify Cucumber framework setup :- Status - UNDEFINED[0m
23:37:41.383 INFO  [Hooks :109] [32;1m================================================================[0m
23:37:41.403 INFO  [Hooks :127] [38;5;54m @AfterAll Hooks [0m
23:37:41.404 INFO  [Hooks :129] Deleting cookies
23:37:41.422 INFO  [Hooks :132] Closing the Driver
23:37:41.422 INFO  [Hooks :139] Driver Closed
23:37:45.759 INFO  [ealrunner :44] [38;5;135m@AfterClass-PDLRunner Running one time[0m
23:53:52.658 INFO  [Driver :123] creating temp directory in -Chrome
23:53:55.066 INFO  [ealrunner :38] [38;5;135m@BeforeClass-PDLRunner Running one time[0m
23:53:55.437 INFO  [Hooks :54] [38;5;54m @Before All Hooks [0m
23:53:55.437 INFO  [Driver :212] [31;1mBrowser Setup[0m
23:53:55.555 INFO  [ConfigurationReader :23] [38;5;201m****************** Current Profile: null******************[0m
23:53:55.556 INFO  [ConfigurationReader :30] Current configFile =Configuration.properties
23:53:57.566 INFO  [Driver :218] URL Lunched:https://demo.guru99.com/
23:53:58.011 INFO  [Hooks :66] [38;5;54m @Before hook- Runs before every tcs [0m
23:53:58.012 INFO  [Hooks :68] [32;1m================================================================[0m
23:53:58.013 INFO  [Hooks :70] [32;1mScenario Title: Verify Cucumber framework setup[0m
23:53:58.013 INFO  [Hooks :71] [32;1m================================================================[0m
23:53:58.063 INFO  [Hooks :94] [38;5;54m @Before Step Hooks [0m
23:53:58.072 INFO  [StepNameListener :45] [38;5;208m================================================================[0m
23:53:58.073 WARN  [StepNameListener :46] [38;5;208mExecuting step: user is on homepage
23:53:58.074 INFO  [StepNameListener :47] [38;5;208m================================================================[0m
23:53:58.081 INFO  [Hooks :99] [38;5;54m  @after step hook [0m
23:53:58.088 INFO  [CommonMethods :1018] Capturing Screenshot
23:53:58.217 INFO  [CommonMethods :1023] Screenshot Attached
23:53:58.223 INFO  [StepNameListener :45] [38;5;208m================================================================[0m
23:53:58.227 WARN  [StepNameListener :46] [38;5;208mExecuting step: user click on lgoin button
23:53:58.229 INFO  [StepNameListener :47] [38;5;208m================================================================[0m
23:53:58.234 INFO  [Hooks :106] [38;5;54m @after hook [0m
23:53:58.235 INFO  [Hooks :107] [32;1m================================================================[0m
23:53:58.237 INFO  [Hooks :108] [38;5;54mVerify Cucumber framework setup :- Status - UNDEFINED[0m
23:53:58.238 INFO  [Hooks :109] [32;1m================================================================[0m
23:53:58.263 INFO  [Hooks :127] [38;5;54m @AfterAll Hooks [0m
23:53:58.263 INFO  [Hooks :129] Deleting cookies
23:53:58.283 INFO  [Hooks :132] Closing the Driver
23:53:58.284 INFO  [Hooks :139] Driver Closed
23:54:01.682 INFO  [ealrunner :43] [38;5;135m@AfterClass-PDLRunner Running one time[0m
01:15:46.358 INFO  [Driver :123] creating temp directory in -Chrome
01:15:50.436 INFO  [ealrunner :38] [38;5;135m@BeforeClass-EALRunner Running one time[0m
01:15:50.861 INFO  [Hooks :54] [38;5;54m @Before All Hooks [0m
01:15:50.862 INFO  [Driver :212] [31;1mBrowser Setup[0m
01:15:50.967 INFO  [ConfigurationReader :23] [38;5;201m****************** Current Profile: null******************[0m
01:15:50.968 INFO  [ConfigurationReader :30] Current configFile =Configuration.properties
01:15:53.027 INFO  [Driver :218] URL Lunched:https://demo.guru99.com/
01:15:53.551 INFO  [Hooks :66] [38;5;54m @Before hook- Runs before every tcs [0m
01:15:53.552 INFO  [Hooks :68] [32;1m================================================================[0m
01:15:53.553 INFO  [Hooks :70] [32;1mScenario Title: Verify Cucumber login setup[0m
01:15:53.553 INFO  [Hooks :71] [32;1m================================================================[0m
01:15:53.592 INFO  [Hooks :94] [38;5;54m @Before Step Hooks [0m
01:15:53.600 INFO  [StepNameListener :45] [38;5;208m================================================================[0m
01:15:53.601 WARN  [StepNameListener :46] [38;5;208mExecuting step: user is on loginPage
01:15:53.601 INFO  [StepNameListener :47] [38;5;208m================================================================[0m
01:15:53.604 INFO  [LoginSteps :16] Successfully loaded login page
01:15:53.608 INFO  [Hooks :99] [38;5;54m  @after step hook [0m
01:15:53.615 INFO  [CommonMethods :1018] Capturing Screenshot
01:15:53.775 INFO  [CommonMethods :1023] Screenshot Attached
01:15:53.778 INFO  [Hooks :94] [38;5;54m @Before Step Hooks [0m
01:15:53.792 INFO  [StepNameListener :45] [38;5;208m================================================================[0m
01:15:53.793 WARN  [StepNameListener :46] [38;5;208mExecuting step: user click on lgoin button
01:15:53.793 INFO  [StepNameListener :47] [38;5;208m================================================================[0m
01:15:53.795 INFO  [CommonMethods :23] Step Definition
01:15:53.798 INFO  [Hooks :99] [38;5;54m  @after step hook [0m
01:15:53.799 INFO  [CommonMethods :1018] Capturing Screenshot
01:15:53.956 INFO  [CommonMethods :1023] Screenshot Attached
01:15:53.961 INFO  [Hooks :106] [38;5;54m @after hook [0m
01:15:53.962 INFO  [Hooks :107] [32;1m================================================================[0m
01:15:53.965 INFO  [Hooks :108] [38;5;54mVerify Cucumber login setup :- Status - PASSED[0m
01:15:53.966 INFO  [Hooks :109] [32;1m================================================================[0m
01:15:53.980 INFO  [Hooks :127] [38;5;54m @AfterAll Hooks [0m
01:15:53.981 INFO  [Hooks :129] Deleting cookies
01:15:54.000 INFO  [Hooks :132] Closing the Driver
01:15:54.000 INFO  [Hooks :139] Driver Closed
01:15:58.950 INFO  [ealrunner :43] [38;5;135m@AfterClass-EALRunner Running one time[0m
21:02:42.815 INFO  [Driver :123] creating temp directory in -Chrome
21:02:47.622 INFO  [ealrunner :38] [38;5;135m@BeforeClass-EALRunner Running one time[0m
21:02:48.202 INFO  [Hooks :54] [38;5;54m @Before All Hooks [0m
21:02:48.203 INFO  [Driver :212] [31;1mBrowser Setup[0m
21:02:48.378 INFO  [ConfigurationReader :23] [38;5;201m****************** Current Profile: null******************[0m
21:02:48.379 INFO  [ConfigurationReader :30] Current configFile =Configuration.properties
21:02:51.498 INFO  [Driver :218] URL Lunched:https://demo.guru99.com/
21:02:52.353 INFO  [Hooks :66] [38;5;54m @Before hook- Runs before every tcs [0m
21:02:52.354 INFO  [Hooks :68] [32;1m================================================================[0m
21:02:52.355 INFO  [Hooks :70] [32;1mScenario Title: Verify Cucumber login setup[0m
21:02:52.356 INFO  [Hooks :71] [32;1m================================================================[0m
21:02:52.408 INFO  [Hooks :94] [38;5;54m @Before Step Hooks [0m
21:02:52.429 INFO  [StepNameListener :45] [38;5;208m================================================================[0m
21:02:52.430 WARN  [StepNameListener :46] [38;5;208mExecuting step: user is on loginPage
21:02:52.430 INFO  [StepNameListener :47] [38;5;208m================================================================[0m
21:02:52.433 INFO  [LoginSteps :16] Successfully loaded login page
21:02:52.438 INFO  [Hooks :99] [38;5;54m  @after step hook [0m
21:02:52.446 INFO  [CommonMethods :1018] Capturing Screenshot
21:02:52.710 INFO  [CommonMethods :1023] Screenshot Attached
21:02:52.717 INFO  [Hooks :94] [38;5;54m @Before Step Hooks [0m
21:02:52.723 INFO  [StepNameListener :45] [38;5;208m================================================================[0m
21:02:52.723 WARN  [StepNameListener :46] [38;5;208mExecuting step: user click on lgoin button
21:02:52.725 INFO  [StepNameListener :47] [38;5;208m================================================================[0m
21:02:52.727 INFO  [CommonMethods :23] Step Definition
21:02:52.730 INFO  [Hooks :99] [38;5;54m  @after step hook [0m
21:02:52.730 INFO  [CommonMethods :1018] Capturing Screenshot
21:02:53.006 INFO  [CommonMethods :1023] Screenshot Attached
21:02:53.012 INFO  [Hooks :106] [38;5;54m @after hook [0m
21:02:53.012 INFO  [Hooks :107] [32;1m================================================================[0m
21:02:53.016 INFO  [Hooks :108] [38;5;54mVerify Cucumber login setup :- Status - PASSED[0m
21:02:53.016 INFO  [Hooks :109] [32;1m================================================================[0m
21:02:53.083 INFO  [Hooks :127] [38;5;54m @AfterAll Hooks [0m
21:02:53.084 INFO  [Hooks :129] Deleting cookies
21:02:53.122 INFO  [Hooks :132] Closing the Driver
21:02:53.123 INFO  [Hooks :139] Driver Closed
21:02:59.442 INFO  [ealrunner :43] [38;5;135m@AfterClass-EALRunner Running one time[0m
21:10:16.008 INFO  [Driver :123] creating temp directory in -Chrome
21:10:18.304 INFO  [ealrunner :38] [38;5;135m@BeforeClass-EALRunner Running one time[0m
21:10:18.660 INFO  [Hooks :54] [38;5;54m @Before All Hooks [0m
21:10:18.660 INFO  [Driver :212] [31;1mBrowser Setup[0m
21:10:18.810 INFO  [ConfigurationReader :23] [38;5;201m****************** Current Profile: null******************[0m
21:10:18.810 INFO  [ConfigurationReader :30] Current configFile =Configuration.properties
21:10:20.938 INFO  [Driver :218] URL Lunched:https://demo.guru99.com/
21:10:21.468 INFO  [Hooks :66] [38;5;54m @Before hook- Runs before every tcs [0m
21:10:21.469 INFO  [Hooks :68] [32;1m================================================================[0m
21:10:21.469 INFO  [Hooks :70] [32;1mScenario Title: Verify Cucumber login setup[0m
21:10:21.470 INFO  [Hooks :71] [32;1m================================================================[0m
21:10:21.507 INFO  [Hooks :94] [38;5;54m @Before Step Hooks [0m
21:10:21.519 INFO  [StepNameListener :45] [38;5;208m================================================================[0m
21:10:21.520 WARN  [StepNameListener :46] [38;5;208mExecuting step: user is on loginPage
21:10:21.520 INFO  [StepNameListener :47] [38;5;208m================================================================[0m
21:10:21.523 INFO  [LoginSteps :16] Successfully loaded login page
21:10:21.529 INFO  [Hooks :99] [38;5;54m  @after step hook [0m
21:10:21.547 INFO  [CommonMethods :1018] Capturing Screenshot
21:10:21.737 INFO  [CommonMethods :1023] Screenshot Attached
21:10:21.745 INFO  [Hooks :94] [38;5;54m @Before Step Hooks [0m
21:10:21.754 INFO  [StepNameListener :45] [38;5;208m================================================================[0m
21:10:21.754 WARN  [StepNameListener :46] [38;5;208mExecuting step: user click on lgoin button
21:10:21.756 INFO  [StepNameListener :47] [38;5;208m================================================================[0m
21:10:21.760 INFO  [CommonMethods :23] Step Definition
21:10:21.764 INFO  [Hooks :99] [38;5;54m  @after step hook [0m
21:10:21.765 INFO  [CommonMethods :1018] Capturing Screenshot
21:10:21.959 INFO  [CommonMethods :1023] Screenshot Attached
21:10:21.977 INFO  [Hooks :106] [38;5;54m @after hook [0m
21:10:21.978 INFO  [Hooks :107] [32;1m================================================================[0m
21:10:21.994 INFO  [Hooks :108] [38;5;54mVerify Cucumber login setup :- Status - PASSED[0m
21:10:21.994 INFO  [Hooks :109] [32;1m================================================================[0m
21:10:22.011 INFO  [Hooks :127] [38;5;54m @AfterAll Hooks [0m
21:10:22.012 INFO  [Hooks :129] Deleting cookies
21:10:22.039 INFO  [Hooks :132] Closing the Driver
21:10:22.039 INFO  [Hooks :139] Driver Closed
21:10:26.498 INFO  [ealrunner :43] [38;5;135m@AfterClass-EALRunner Running one time[0m
23:59:10.593 INFO  [Driver :123] creating temp directory in -Chrome
23:59:14.344 INFO  [ealrunner :38] [38;5;135m@BeforeClass-EALRunner Running one time[0m
23:59:14.951 INFO  [Hooks :54] [38;5;54m @Before All Hooks [0m
23:59:14.951 INFO  [Driver :212] [31;1mBrowser Setup[0m
23:59:15.196 INFO  [ConfigurationReader :23] [38;5;201m****************** Current Profile: null******************[0m
23:59:15.196 INFO  [ConfigurationReader :30] Current configFile =Configuration.properties
23:59:17.191 INFO  [Driver :218] URL Lunched:https://demo.guru99.com/
23:59:17.950 INFO  [Hooks :66] [38;5;54m @Before hook- Runs before every tcs [0m
23:59:17.951 INFO  [Hooks :68] [32;1m================================================================[0m
23:59:17.952 INFO  [Hooks :70] [32;1mScenario Title: Verify user landed on Homepage and UserID is available[0m
23:59:17.953 INFO  [Hooks :71] [32;1m================================================================[0m
23:59:18.002 INFO  [Hooks :94] [38;5;54m @Before Step Hooks [0m
23:59:18.023 INFO  [StepNameListener :45] [38;5;208m================================================================[0m
23:59:18.024 WARN  [StepNameListener :46] [38;5;208mExecuting step: Validate User landed on homepage
23:59:18.025 INFO  [StepNameListener :47] [38;5;208m================================================================[0m
23:59:18.032 INFO  [Hooks :99] [38;5;54m  @after step hook [0m
23:59:18.040 INFO  [CommonMethods :1023] Capturing Screenshot
23:59:18.187 INFO  [CommonMethods :1028] Screenshot Attached
23:59:18.193 INFO  [StepNameListener :45] [38;5;208m================================================================[0m
23:59:18.193 WARN  [StepNameListener :46] [38;5;208mExecuting step: Verify UserID is Visible
23:59:18.194 INFO  [StepNameListener :47] [38;5;208m================================================================[0m
23:59:18.200 INFO  [Hooks :106] [38;5;54m @after hook [0m
23:59:18.200 INFO  [Hooks :107] [32;1m================================================================[0m
23:59:18.205 INFO  [Hooks :108] [38;5;54mVerify user landed on Homepage and UserID is available :- Status - UNDEFINED[0m
23:59:18.206 INFO  [Hooks :109] [32;1m================================================================[0m
23:59:18.238 INFO  [Hooks :127] [38;5;54m @AfterAll Hooks [0m
23:59:18.238 INFO  [Hooks :129] Deleting cookies
23:59:18.258 INFO  [Hooks :132] Closing the Driver
23:59:18.259 INFO  [Hooks :139] Driver Closed
23:59:23.811 INFO  [ealrunner :43] [38;5;135m@AfterClass-EALRunner Running one time[0m
00:04:11.037 INFO  [Driver :123] creating temp directory in -Chrome
00:04:13.277 INFO  [ealrunner :38] [38;5;135m@BeforeClass-EALRunner Running one time[0m
00:04:13.604 INFO  [Hooks :54] [38;5;54m @Before All Hooks [0m
00:04:13.605 INFO  [Driver :212] [31;1mBrowser Setup[0m
00:04:13.749 INFO  [ConfigurationReader :23] [38;5;201m****************** Current Profile: null******************[0m
00:04:13.750 INFO  [ConfigurationReader :30] Current configFile =Configuration.properties
00:04:15.694 INFO  [Driver :218] URL Lunched:https://demo.guru99.com/
00:04:16.138 INFO  [Hooks :66] [38;5;54m @Before hook- Runs before every tcs [0m
00:04:16.138 INFO  [Hooks :68] [32;1m================================================================[0m
00:04:16.139 INFO  [Hooks :70] [32;1mScenario Title: Verify user landed on Homepage and UserID is available[0m
00:04:16.140 INFO  [Hooks :71] [32;1m================================================================[0m
00:04:16.177 INFO  [Hooks :94] [38;5;54m @Before Step Hooks [0m
00:04:16.184 INFO  [StepNameListener :45] [38;5;208m================================================================[0m
00:04:16.184 WARN  [StepNameListener :46] [38;5;208mExecuting step: Validate User landed on homepage
00:04:16.185 INFO  [StepNameListener :47] [38;5;208m================================================================[0m
00:04:16.192 INFO  [Hooks :99] [38;5;54m  @after step hook [0m
00:04:16.197 INFO  [CommonMethods :1023] Capturing Screenshot
00:04:16.329 INFO  [CommonMethods :1028] Screenshot Attached
00:04:16.333 INFO  [StepNameListener :45] [38;5;208m================================================================[0m
00:04:16.333 WARN  [StepNameListener :46] [38;5;208mExecuting step: Verify UserID is Visible
00:04:16.334 INFO  [StepNameListener :47] [38;5;208m================================================================[0m
00:04:16.339 INFO  [Hooks :106] [38;5;54m @after hook [0m
00:04:16.339 INFO  [Hooks :107] [32;1m================================================================[0m
00:04:16.348 INFO  [Hooks :108] [38;5;54mVerify user landed on Homepage and UserID is available :- Status - UNDEFINED[0m
00:04:16.348 INFO  [Hooks :109] [32;1m================================================================[0m
00:04:16.366 INFO  [Hooks :127] [38;5;54m @AfterAll Hooks [0m
00:04:16.366 INFO  [Hooks :129] Deleting cookies
00:04:16.389 INFO  [Hooks :132] Closing the Driver
00:04:16.390 INFO  [Hooks :139] Driver Closed
00:04:19.718 INFO  [ealrunner :43] [38;5;135m@AfterClass-EALRunner Running one time[0m
00:07:50.976 INFO  [Driver :123] creating temp directory in -Chrome
00:07:53.184 INFO  [ealrunner :38] [38;5;135m@BeforeClass-EALRunner Running one time[0m
00:07:53.486 INFO  [Hooks :54] [38;5;54m @Before All Hooks [0m
00:07:53.487 INFO  [Driver :212] [31;1mBrowser Setup[0m
00:07:53.658 INFO  [ConfigurationReader :23] [38;5;201m****************** Current Profile: null******************[0m
00:07:53.659 INFO  [ConfigurationReader :30] Current configFile =Configuration.properties
00:07:55.622 INFO  [Driver :218] URL Lunched:https://demo.guru99.com/
00:07:56.089 INFO  [Hooks :66] [38;5;54m @Before hook- Runs before every tcs [0m
00:07:56.089 INFO  [Hooks :68] [32;1m================================================================[0m
00:07:56.090 INFO  [Hooks :70] [32;1mScenario Title: Verify user landed on Homepage and UserID is available[0m
00:07:56.091 INFO  [Hooks :71] [32;1m================================================================[0m
00:07:56.127 INFO  [Hooks :94] [38;5;54m @Before Step Hooks [0m
00:07:56.135 INFO  [StepNameListener :45] [38;5;208m================================================================[0m
00:07:56.135 WARN  [StepNameListener :46] [38;5;208mExecuting step: Validate User landed on homepage
00:07:56.136 INFO  [StepNameListener :47] [38;5;208m================================================================[0m
00:07:56.139 INFO  [CommonMethods :12] Verify Title
00:07:56.139 INFO  [CommonMethods :11] Getting the Actual Title
00:07:56.151 INFO  [CommonMethods :13] Got the title
00:07:56.151 INFO  [CommonMethods :14] Performing Assertion
00:07:56.152 INFO  [SftAssert :78] [34;1mAssert Passed :---------------------- Title Matched Successfully[0m
00:07:56.180 INFO  [Hooks :99] [38;5;54m  @after step hook [0m
00:07:56.188 INFO  [CommonMethods :1023] Capturing Screenshot
00:07:56.340 INFO  [CommonMethods :1028] Screenshot Attached
00:07:56.342 INFO  [Hooks :94] [38;5;54m @Before Step Hooks [0m
00:07:56.345 INFO  [StepNameListener :45] [38;5;208m================================================================[0m
00:07:56.345 WARN  [StepNameListener :46] [38;5;208mExecuting step: Verify UserID is Visible
00:07:56.345 INFO  [StepNameListener :47] [38;5;208m================================================================[0m
00:07:56.357 INFO  [Hooks :99] [38;5;54m  @after step hook [0m
00:07:56.357 INFO  [CommonMethods :1023] Capturing Screenshot
00:07:56.487 INFO  [CommonMethods :1028] Screenshot Attached
00:07:56.490 INFO  [Hooks :106] [38;5;54m @after hook [0m
00:07:56.490 INFO  [Hooks :107] [32;1m================================================================[0m
00:07:56.493 INFO  [Hooks :108] [38;5;54mVerify user landed on Homepage and UserID is available :- Status - PENDING[0m
00:07:56.494 INFO  [Hooks :109] [32;1m================================================================[0m
00:07:56.512 INFO  [Hooks :127] [38;5;54m @AfterAll Hooks [0m
00:07:56.512 INFO  [Hooks :129] Deleting cookies
00:07:56.536 INFO  [Hooks :132] Closing the Driver
00:07:56.536 INFO  [Hooks :139] Driver Closed
00:08:00.173 INFO  [ealrunner :43] [38;5;135m@AfterClass-EALRunner Running one time[0m
00:09:22.705 INFO  [Driver :123] creating temp directory in -Chrome
00:09:25.081 INFO  [ealrunner :38] [38;5;135m@BeforeClass-EALRunner Running one time[0m
00:09:25.402 INFO  [Hooks :54] [38;5;54m @Before All Hooks [0m
00:09:25.403 INFO  [Driver :212] [31;1mBrowser Setup[0m
00:09:25.520 INFO  [ConfigurationReader :23] [38;5;201m****************** Current Profile: null******************[0m
00:09:25.521 INFO  [ConfigurationReader :30] Current configFile =Configuration.properties
00:09:27.775 INFO  [Driver :218] URL Lunched:https://demo.guru99.com/
00:09:28.223 INFO  [Hooks :66] [38;5;54m @Before hook- Runs before every tcs [0m
00:09:28.224 INFO  [Hooks :68] [32;1m================================================================[0m
00:09:28.224 INFO  [Hooks :70] [32;1mScenario Title: Verify user landed on Homepage and UserID is available[0m
00:09:28.225 INFO  [Hooks :71] [32;1m================================================================[0m
00:09:28.268 INFO  [Hooks :94] [38;5;54m @Before Step Hooks [0m
00:09:28.275 INFO  [StepNameListener :45] [38;5;208m================================================================[0m
00:09:28.276 WARN  [StepNameListener :46] [38;5;208mExecuting step: Validate User landed on homepage
00:09:28.277 INFO  [StepNameListener :47] [38;5;208m================================================================[0m
00:09:28.279 INFO  [CommonMethods :12] Verify Title
00:09:28.280 INFO  [CommonMethods :11] Getting the Actual Title
00:09:28.290 INFO  [CommonMethods :13] Got the title
00:09:28.290 INFO  [CommonMethods :14] Performing Assertion
00:09:28.291 INFO  [SftAssert :78] [34;1mAssert Passed :---------------------- Title Matched Successfully[0m
00:09:28.299 INFO  [Hooks :99] [38;5;54m  @after step hook [0m
00:09:28.318 INFO  [CommonMethods :1023] Capturing Screenshot
00:09:28.462 INFO  [CommonMethods :1028] Screenshot Attached
00:09:28.464 INFO  [Hooks :94] [38;5;54m @Before Step Hooks [0m
00:09:28.467 INFO  [StepNameListener :45] [38;5;208m================================================================[0m
00:09:28.468 WARN  [StepNameListener :46] [38;5;208mExecuting step: Verify UserID is Visible
00:09:28.468 INFO  [StepNameListener :47] [38;5;208m================================================================[0m
00:09:28.470 INFO  [Hooks :99] [38;5;54m  @after step hook [0m
00:09:28.470 INFO  [CommonMethods :1023] Capturing Screenshot
00:09:28.592 INFO  [CommonMethods :1028] Screenshot Attached
00:09:28.594 INFO  [Hooks :106] [38;5;54m @after hook [0m
00:09:28.595 INFO  [Hooks :107] [32;1m================================================================[0m
00:09:28.598 INFO  [Hooks :108] [38;5;54mVerify user landed on Homepage and UserID is available :- Status - PASSED[0m
00:09:28.598 INFO  [Hooks :109] [32;1m================================================================[0m
00:09:28.609 INFO  [Hooks :127] [38;5;54m @AfterAll Hooks [0m
00:09:28.617 INFO  [Hooks :129] Deleting cookies
00:09:28.660 INFO  [Hooks :132] Closing the Driver
00:09:28.661 INFO  [Hooks :139] Driver Closed
00:09:32.355 INFO  [ealrunner :43] [38;5;135m@AfterClass-EALRunner Running one time[0m
00:13:29.292 INFO  [Driver :123] creating temp directory in -Chrome
00:13:31.858 INFO  [ealrunner :38] [38;5;135m@BeforeClass-EALRunner Running one time[0m
00:13:32.265 INFO  [Hooks :54] [38;5;54m @Before All Hooks [0m
00:13:32.266 INFO  [Driver :212] [31;1mBrowser Setup[0m
00:13:32.398 INFO  [ConfigurationReader :23] [38;5;201m****************** Current Profile: null******************[0m
00:13:32.399 INFO  [ConfigurationReader :30] Current configFile =Configuration.properties
00:13:34.367 INFO  [Driver :218] URL Lunched:https://demo.guru99.com/
00:13:34.998 INFO  [Hooks :66] [38;5;54m @Before hook- Runs before every tcs [0m
00:13:34.999 INFO  [Hooks :68] [32;1m================================================================[0m
00:13:35.001 INFO  [Hooks :70] [32;1mScenario Title: Verify user landed on Homepage and UserID is available[0m
00:13:35.002 INFO  [Hooks :71] [32;1m================================================================[0m
00:13:35.082 INFO  [Hooks :94] [38;5;54m @Before Step Hooks [0m
00:13:35.092 INFO  [StepNameListener :45] [38;5;208m================================================================[0m
00:13:35.094 WARN  [StepNameListener :46] [38;5;208mExecuting step: Validate User landed on homepage
00:13:35.095 INFO  [StepNameListener :47] [38;5;208m================================================================[0m
00:13:35.099 INFO  [CommonMethods :12] Verify Title
00:13:35.100 INFO  [CommonMethods :11] Getting the Actual Title
00:13:35.121 INFO  [CommonMethods :13] Got the title
00:13:35.122 INFO  [CommonMethods :14] Performing Assertion
00:13:35.124 INFO  [SftAssert :78] [34;1mAssert Passed :---------------------- Title Matched Successfully[0m
00:13:35.138 INFO  [Hooks :99] [38;5;54m  @after step hook [0m
00:13:35.145 INFO  [CommonMethods :1023] Capturing Screenshot
00:13:35.291 INFO  [CommonMethods :1028] Screenshot Attached
00:13:35.293 INFO  [Hooks :94] [38;5;54m @Before Step Hooks [0m
00:13:35.298 INFO  [StepNameListener :45] [38;5;208m================================================================[0m
00:13:35.299 WARN  [StepNameListener :46] [38;5;208mExecuting step: Verify UserID is Visible
00:13:35.300 INFO  [StepNameListener :47] [38;5;208m================================================================[0m
00:13:35.307 INFO  [Hooks :99] [38;5;54m  @after step hook [0m
00:13:35.308 INFO  [CommonMethods :1023] Capturing Screenshot
00:13:35.436 INFO  [CommonMethods :1028] Screenshot Attached
00:13:35.438 INFO  [Hooks :106] [38;5;54m @after hook [0m
00:13:35.439 INFO  [Hooks :107] [32;1m================================================================[0m
00:13:35.443 INFO  [Hooks :108] [38;5;54mVerify user landed on Homepage and UserID is available :- Status - PASSED[0m
00:13:35.444 INFO  [Hooks :109] [32;1m================================================================[0m
00:13:35.458 INFO  [Hooks :127] [38;5;54m @AfterAll Hooks [0m
00:13:35.460 INFO  [Hooks :129] Deleting cookies
00:13:35.490 INFO  [Hooks :132] Closing the Driver
00:13:35.491 INFO  [Hooks :139] Driver Closed
00:13:39.618 INFO  [ealrunner :43] [38;5;135m@AfterClass-EALRunner Running one time[0m
00:14:06.039 INFO  [Driver :123] creating temp directory in -Chrome
00:14:08.692 INFO  [ealrunner :38] [38;5;135m@BeforeClass-EALRunner Running one time[0m
00:14:09.093 INFO  [Hooks :54] [38;5;54m @Before All Hooks [0m
00:14:09.094 INFO  [Driver :212] [31;1mBrowser Setup[0m
00:14:09.302 INFO  [ConfigurationReader :23] [38;5;201m****************** Current Profile: null******************[0m
00:14:09.303 INFO  [ConfigurationReader :30] Current configFile =Configuration.properties
00:14:11.610 INFO  [Driver :218] URL Lunched:https://demo.guru99.com/
00:14:12.223 INFO  [Hooks :66] [38;5;54m @Before hook- Runs before every tcs [0m
00:14:12.224 INFO  [Hooks :68] [32;1m================================================================[0m
00:14:12.225 INFO  [Hooks :70] [32;1mScenario Title: Verify user landed on Homepage and UserID is available[0m
00:14:12.225 INFO  [Hooks :71] [32;1m================================================================[0m
00:14:12.289 INFO  [Hooks :94] [38;5;54m @Before Step Hooks [0m
00:14:12.306 INFO  [StepNameListener :45] [38;5;208m================================================================[0m
00:14:12.308 WARN  [StepNameListener :46] [38;5;208mExecuting step: Validate User landed on homepage
00:14:12.308 INFO  [StepNameListener :47] [38;5;208m================================================================[0m
00:16:28.238 INFO  [Driver :123] creating temp directory in -Chrome
00:16:31.723 INFO  [ealrunner :38] [38;5;135m@BeforeClass-EALRunner Running one time[0m
00:16:32.140 INFO  [Hooks :54] [38;5;54m @Before All Hooks [0m
00:16:32.141 INFO  [Driver :212] [31;1mBrowser Setup[0m
00:16:32.316 INFO  [ConfigurationReader :23] [38;5;201m****************** Current Profile: null******************[0m
00:16:32.318 INFO  [ConfigurationReader :30] Current configFile =Configuration.properties
00:16:34.978 INFO  [Driver :218] URL Lunched:https://demo.guru99.com/
00:16:35.348 INFO  [Hooks :66] [38;5;54m @Before hook- Runs before every tcs [0m
00:16:35.349 INFO  [Hooks :68] [32;1m================================================================[0m
00:16:35.350 INFO  [Hooks :70] [32;1mScenario Title: Verify user landed on Homepage and UserID is available[0m
00:16:35.350 INFO  [Hooks :71] [32;1m================================================================[0m
00:16:35.393 INFO  [Hooks :94] [38;5;54m @Before Step Hooks [0m
00:16:35.403 INFO  [StepNameListener :45] [38;5;208m================================================================[0m
00:16:35.404 WARN  [StepNameListener :46] [38;5;208mExecuting step: Validate User landed on homepage
00:16:35.405 INFO  [StepNameListener :47] [38;5;208m================================================================[0m
00:16:35.406 INFO  [CommonMethods :12] Verify Title
00:16:35.407 INFO  [CommonMethods :11] Getting the Actual Title
00:16:35.417 INFO  [CommonMethods :13] Got the title
00:16:35.418 INFO  [CommonMethods :14] Performing Assertion
00:16:35.418 INFO  [SftAssert :90] [31;1mAssert Failed :------------------------ Title didnt match[0m
00:16:35.590 INFO  [Hooks :99] [38;5;54m  @after step hook [0m
00:16:35.596 INFO  [CommonMethods :1023] Capturing Screenshot
00:16:35.746 INFO  [CommonMethods :1028] Screenshot Attached
00:16:35.749 INFO  [Hooks :94] [38;5;54m @Before Step Hooks [0m
00:16:35.753 INFO  [StepNameListener :45] [38;5;208m================================================================[0m
00:16:35.753 WARN  [StepNameListener :46] [38;5;208mExecuting step: Verify UserID is Visible
00:16:35.753 INFO  [StepNameListener :47] [38;5;208m================================================================[0m
00:16:35.756 INFO  [Hooks :99] [38;5;54m  @after step hook [0m
00:16:35.756 INFO  [CommonMethods :1023] Capturing Screenshot
00:16:35.871 INFO  [CommonMethods :1028] Screenshot Attached
00:16:35.881 INFO  [Hooks :106] [38;5;54m @after hook [0m
00:16:35.881 INFO  [Hooks :107] [32;1m================================================================[0m
00:16:35.891 INFO  [Hooks :108] [38;5;54mVerify user landed on Homepage and UserID is available :- Status - PASSED[0m
00:16:35.894 INFO  [Hooks :109] [32;1m================================================================[0m
00:16:35.926 INFO  [Hooks :127] [38;5;54m @AfterAll Hooks [0m
00:16:35.926 INFO  [Hooks :129] Deleting cookies
00:16:35.959 INFO  [Hooks :132] Closing the Driver
00:16:35.960 INFO  [Hooks :139] Driver Closed
00:16:43.205 INFO  [ealrunner :43] [38;5;135m@AfterClass-EALRunner Running one time[0m
00:43:40.110 INFO  [Driver :123] creating temp directory in -Chrome
00:43:42.298 INFO  [ealrunner :38] [38;5;135m@BeforeClass-EALRunner Running one time[0m
00:43:42.625 INFO  [Hooks :54] [38;5;54m @Before All Hooks [0m
00:43:42.625 INFO  [Driver :212] [31;1mBrowser Setup[0m
00:43:42.757 INFO  [ConfigurationReader :23] [38;5;201m****************** Current Profile: null******************[0m
00:43:42.757 INFO  [ConfigurationReader :30] Current configFile =Configuration.properties
00:43:45.052 INFO  [Driver :218] URL Lunched:https://demo.guru99.com/
00:43:45.482 INFO  [Hooks :66] [38;5;54m @Before hook- Runs before every tcs [0m
00:43:45.482 INFO  [Hooks :68] [32;1m================================================================[0m
00:43:45.483 INFO  [Hooks :70] [32;1mScenario Title: Verify user landed on Homepage and UserID is available[0m
00:43:45.484 INFO  [Hooks :71] [32;1m================================================================[0m
00:43:45.522 INFO  [Hooks :94] [38;5;54m @Before Step Hooks [0m
00:43:45.529 INFO  [StepNameListener :45] [38;5;208m================================================================[0m
00:43:45.530 WARN  [StepNameListener :46] [38;5;208mExecuting step: Validate User landed on homepage
00:43:45.530 INFO  [StepNameListener :47] [38;5;208m================================================================[0m
00:43:45.532 INFO  [CommonMethods :12] Verify Title
00:43:45.533 INFO  [CommonMethods :17] Getting the Actual Title
00:43:45.542 INFO  [CommonMethods :19] Got the title
00:43:45.543 INFO  [CommonMethods :14] Performing Assertion
00:43:45.543 INFO  [SftAssert :78] [34;1mAssert Passed :---------------------- Title Matched Successfully[0m
00:43:45.552 INFO  [Hooks :99] [38;5;54m  @after step hook [0m
00:43:45.558 INFO  [CommonMethods :1023] Capturing Screenshot
00:43:45.688 INFO  [CommonMethods :1028] Screenshot Attached
00:43:45.690 INFO  [Hooks :94] [38;5;54m @Before Step Hooks [0m
00:43:45.693 INFO  [StepNameListener :45] [38;5;208m================================================================[0m
00:43:45.693 WARN  [StepNameListener :46] [38;5;208mExecuting step: Verify UserID is Visible
00:43:45.694 INFO  [StepNameListener :47] [38;5;208m================================================================[0m
00:43:45.695 INFO  [CommonMethods :19] Verifying presense of User ID
00:43:45.702 INFO  [CommonMethods :523] Checking visibility of the Element on browser screen
00:44:15.729 INFO  [CommonMethods :21] Performing Assertion
00:44:15.729 INFO  [SftAssert :90] [31;1mAssert Failed :------------------------ User Id text is not visible in the screen[0m
00:44:15.765 INFO  [Hooks :99] [38;5;54m  @after step hook [0m
00:44:15.767 INFO  [CommonMethods :1023] Capturing Screenshot
00:44:15.777 ERROR [CommonMethods :1030] Error capturing screenshot: invalid session id
Build info: version: '4.35.0', revision: '1c58e5028b'
System info: os.name: 'Windows 10', os.arch: 'amd64', os.version: '10.0', java.version: '21.0.9'
Driver info: org.openqa.selenium.chrome.ChromeDriver
Command: [aa5edf9041fee06f343b4b63516e218e, screenshot {}]
Capabilities {acceptInsecureCerts: false, browserName: chrome, browserVersion: 143.0.7499.170, chrome: {chromedriverVersion: 143.0.7499.169 (164b20aab62..., userDataDir: C:\Users\MITHU\AppData\Loca...}, fedcm:accounts: true, goog:chromeOptions: {debuggerAddress: localhost:8162}, goog:processID: 3876, networkConnectionEnabled: false, pageLoadStrategy: normal, platformName: windows, proxy: Proxy(), se:cdp: ws://localhost:8162/devtool..., se:cdpVersion: 143.0.7499.170, setWindowRect: true, strictFileInteractability: false, timeouts: {implicit: 0, pageLoad: 300000, script: 30000}, unhandledPromptBehavior: dismiss and notify, webauthn:extension:credBlob: true, webauthn:extension:largeBlob: true, webauthn:extension:minPinLength: true, webauthn:extension:prf: true, webauthn:virtualAuthenticators: true}
Session ID: aa5edf9041fee06f343b4b63516e218e
00:44:15.780 INFO  [Hooks :106] [38;5;54m @after hook [0m
00:44:15.781 INFO  [Hooks :107] [32;1m================================================================[0m
00:44:15.785 INFO  [Hooks :108] [38;5;54mVerify user landed on Homepage and UserID is available :- Status - FAILED[0m
00:44:15.785 INFO  [Hooks :109] [32;1m================================================================[0m
00:44:15.804 INFO  [Hooks :127] [38;5;54m @AfterAll Hooks [0m
00:44:15.804 INFO  [Hooks :129] Deleting cookies
00:44:21.007 INFO  [ealrunner :43] [38;5;135m@AfterClass-EALRunner Running one time[0m
00:45:54.217 INFO  [Driver :123] creating temp directory in -Chrome
00:45:56.487 INFO  [ealrunner :38] [38;5;135m@BeforeClass-EALRunner Running one time[0m
00:45:56.793 INFO  [Hooks :54] [38;5;54m @Before All Hooks [0m
00:45:56.794 INFO  [Driver :212] [31;1mBrowser Setup[0m
00:45:56.900 INFO  [ConfigurationReader :23] [38;5;201m****************** Current Profile: null******************[0m
00:45:56.900 INFO  [ConfigurationReader :30] Current configFile =Configuration.properties
00:45:58.784 INFO  [Driver :218] URL Lunched:https://demo.guru99.com/
00:45:59.217 INFO  [Hooks :66] [38;5;54m @Before hook- Runs before every tcs [0m
00:45:59.218 INFO  [Hooks :68] [32;1m================================================================[0m
00:45:59.218 INFO  [Hooks :70] [32;1mScenario Title: Verify user landed on Homepage and UserID is available[0m
00:45:59.219 INFO  [Hooks :71] [32;1m================================================================[0m
00:45:59.255 INFO  [Hooks :94] [38;5;54m @Before Step Hooks [0m
00:45:59.263 INFO  [StepNameListener :45] [38;5;208m================================================================[0m
00:45:59.264 WARN  [StepNameListener :46] [38;5;208mExecuting step: Validate User landed on homepage
00:45:59.264 INFO  [StepNameListener :47] [38;5;208m================================================================[0m
00:45:59.266 INFO  [CommonMethods :12] Verify Title
00:45:59.267 INFO  [CommonMethods :17] Getting the Actual Title
00:45:59.276 INFO  [CommonMethods :19] Got the title
00:45:59.277 INFO  [CommonMethods :14] Performing Assertion
00:45:59.278 INFO  [SftAssert :78] [34;1mAssert Passed :---------------------- Title Matched Successfully[0m
00:45:59.285 INFO  [Hooks :99] [38;5;54m  @after step hook [0m
00:45:59.304 INFO  [CommonMethods :1023] Capturing Screenshot
00:45:59.426 INFO  [CommonMethods :1028] Screenshot Attached
00:45:59.428 INFO  [Hooks :94] [38;5;54m @Before Step Hooks [0m
00:45:59.431 INFO  [StepNameListener :45] [38;5;208m================================================================[0m
00:45:59.431 WARN  [StepNameListener :46] [38;5;208mExecuting step: Verify UserID is Visible
00:45:59.432 INFO  [StepNameListener :47] [38;5;208m================================================================[0m
00:45:59.433 INFO  [CommonMethods :19] Verifying presense of User ID
00:45:59.439 INFO  [CommonMethods :523] Checking visibility of the Element on browser screen
00:46:29.455 INFO  [CommonMethods :21] Performing Assertion
00:46:29.455 INFO  [SftAssert :90] [31;1mAssert Failed :------------------------ User Id text is not visible in the screen[0m
00:46:29.569 INFO  [Hooks :99] [38;5;54m  @after step hook [0m
00:46:29.570 INFO  [CommonMethods :1023] Capturing Screenshot
00:46:29.683 INFO  [CommonMethods :1028] Screenshot Attached
00:46:29.686 INFO  [Hooks :106] [38;5;54m @after hook [0m
00:46:29.687 INFO  [Hooks :107] [32;1m================================================================[0m
00:46:29.691 INFO  [Hooks :108] [38;5;54mVerify user landed on Homepage and UserID is available :- Status - PASSED[0m
00:46:29.691 INFO  [Hooks :109] [32;1m================================================================[0m
00:46:29.763 INFO  [Hooks :127] [38;5;54m @AfterAll Hooks [0m
00:46:29.763 INFO  [Hooks :129] Deleting cookies
00:46:29.813 INFO  [Hooks :132] Closing the Driver
00:46:29.813 INFO  [Hooks :139] Driver Closed
00:46:33.287 INFO  [ealrunner :43] [38;5;135m@AfterClass-EALRunner Running one time[0m
00:52:40.272 INFO  [Driver :123] creating temp directory in -Chrome
00:52:42.434 INFO  [ealrunner :38] [38;5;135m@BeforeClass-EALRunner Running one time[0m
00:52:42.707 INFO  [Hooks :54] [38;5;54m @Before All Hooks [0m
00:52:42.707 INFO  [Driver :212] [31;1mBrowser Setup[0m
00:52:42.881 INFO  [ConfigurationReader :23] [38;5;201m****************** Current Profile: null******************[0m
00:52:42.882 INFO  [ConfigurationReader :30] Current configFile =Configuration.properties
00:52:44.840 INFO  [Driver :218] URL Lunched:https://demo.guru99.com/V3/index.php
00:52:45.268 INFO  [Hooks :66] [38;5;54m @Before hook- Runs before every tcs [0m
00:52:45.268 INFO  [Hooks :68] [32;1m================================================================[0m
00:52:45.269 INFO  [Hooks :70] [32;1mScenario Title: Verify user landed on Homepage and UserID is available[0m
00:52:45.269 INFO  [Hooks :71] [32;1m================================================================[0m
00:52:45.305 INFO  [Hooks :94] [38;5;54m @Before Step Hooks [0m
00:52:45.312 INFO  [StepNameListener :45] [38;5;208m================================================================[0m
00:52:45.312 WARN  [StepNameListener :46] [38;5;208mExecuting step: Validate User landed on homepage
00:52:45.313 INFO  [StepNameListener :47] [38;5;208m================================================================[0m
00:52:45.315 INFO  [CommonMethods :12] Verify Title
00:52:45.315 INFO  [CommonMethods :17] Getting the Actual Title
00:52:45.325 INFO  [CommonMethods :19] Got the title
00:52:45.325 INFO  [CommonMethods :14] Performing Assertion
00:52:45.326 INFO  [SftAssert :78] [34;1mAssert Passed :---------------------- Title Matched Successfully[0m
00:52:45.333 INFO  [Hooks :99] [38;5;54m  @after step hook [0m
00:52:45.352 INFO  [CommonMethods :1023] Capturing Screenshot
00:52:45.517 INFO  [CommonMethods :1028] Screenshot Attached
00:52:45.519 INFO  [Hooks :94] [38;5;54m @Before Step Hooks [0m
00:52:45.521 INFO  [StepNameListener :45] [38;5;208m================================================================[0m
00:52:45.523 WARN  [StepNameListener :46] [38;5;208mExecuting step: Verify UserID is Visible
00:52:45.523 INFO  [StepNameListener :47] [38;5;208m================================================================[0m
00:52:45.524 INFO  [CommonMethods :19] Verifying presense of User ID
00:52:45.530 INFO  [CommonMethods :523] Checking visibility of the Element on browser screen
00:53:15.533 INFO  [CommonMethods :21] Performing Assertion
00:53:15.534 INFO  [SftAssert :90] [31;1mAssert Failed :------------------------ User Id text is not visible in the screen[0m
00:53:15.569 INFO  [Hooks :99] [38;5;54m  @after step hook [0m
00:53:15.570 INFO  [CommonMethods :1023] Capturing Screenshot
00:53:15.576 ERROR [CommonMethods :1030] Error capturing screenshot: invalid session id
Build info: version: '4.35.0', revision: '1c58e5028b'
System info: os.name: 'Windows 10', os.arch: 'amd64', os.version: '10.0', java.version: '21.0.9'
Driver info: org.openqa.selenium.chrome.ChromeDriver
Command: [3a90f4785f4dd6dd9ba0dc51fc7c3e71, screenshot {}]
Capabilities {acceptInsecureCerts: false, browserName: chrome, browserVersion: 143.0.7499.170, chrome: {chromedriverVersion: 143.0.7499.169 (164b20aab62..., userDataDir: C:\Users\MITHU\AppData\Loca...}, fedcm:accounts: true, goog:chromeOptions: {debuggerAddress: localhost:8565}, goog:processID: 15204, networkConnectionEnabled: false, pageLoadStrategy: normal, platformName: windows, proxy: Proxy(), se:cdp: ws://localhost:8565/devtool..., se:cdpVersion: 143.0.7499.170, setWindowRect: true, strictFileInteractability: false, timeouts: {implicit: 0, pageLoad: 300000, script: 30000}, unhandledPromptBehavior: dismiss and notify, webauthn:extension:credBlob: true, webauthn:extension:largeBlob: true, webauthn:extension:minPinLength: true, webauthn:extension:prf: true, webauthn:virtualAuthenticators: true}
Session ID: 3a90f4785f4dd6dd9ba0dc51fc7c3e71
00:53:15.580 INFO  [Hooks :106] [38;5;54m @after hook [0m
00:53:15.580 INFO  [Hooks :107] [32;1m================================================================[0m
00:53:15.584 INFO  [Hooks :108] [38;5;54mVerify user landed on Homepage and UserID is available :- Status - FAILED[0m
00:53:15.585 INFO  [Hooks :109] [32;1m================================================================[0m
00:53:15.600 INFO  [Hooks :127] [38;5;54m @AfterAll Hooks [0m
00:53:15.600 INFO  [Hooks :129] Deleting cookies
00:53:18.578 INFO  [ealrunner :43] [38;5;135m@AfterClass-EALRunner Running one time[0m
01:00:53.772 INFO  [Driver :123] creating temp directory in -Chrome
01:00:57.679 INFO  [ealrunner :38] [38;5;135m@BeforeClass-EALRunner Running one time[0m
01:00:58.145 INFO  [Hooks :54] [38;5;54m @Before All Hooks [0m
01:00:58.146 INFO  [Driver :212] [31;1mBrowser Setup[0m
01:00:58.329 INFO  [ConfigurationReader :23] [38;5;201m****************** Current Profile: null******************[0m
01:00:58.330 INFO  [ConfigurationReader :30] Current configFile =Configuration.properties
01:01:00.156 INFO  [Driver :218] URL Lunched:https://demo.guru99.com/V3/index.php
01:01:00.690 INFO  [Hooks :66] [38;5;54m @Before hook- Runs before every tcs [0m
01:01:00.691 INFO  [Hooks :68] [32;1m================================================================[0m
01:01:00.692 INFO  [Hooks :70] [32;1mScenario Title: Verify user landed on Homepage and UserID is available[0m
01:01:00.692 INFO  [Hooks :71] [32;1m================================================================[0m
01:01:00.754 INFO  [Hooks :94] [38;5;54m @Before Step Hooks [0m
01:01:00.765 INFO  [StepNameListener :45] [38;5;208m================================================================[0m
01:01:00.768 WARN  [StepNameListener :46] [38;5;208mExecuting step: Validate User landed on homepage
01:01:00.768 INFO  [StepNameListener :47] [38;5;208m================================================================[0m
01:01:00.771 INFO  [CommonMethods :12] Verify Title
01:01:00.772 INFO  [CommonMethods :17] Getting the Actual Title
01:01:00.786 INFO  [CommonMethods :19] Got the title
01:01:00.787 INFO  [CommonMethods :14] Performing Assertion
01:01:00.788 INFO  [SftAssert :78] [34;1mAssert Passed :---------------------- Title Matched Successfully[0m
01:01:00.801 INFO  [Hooks :99] [38;5;54m  @after step hook [0m
01:01:00.809 INFO  [CommonMethods :1023] Capturing Screenshot
01:01:01.002 INFO  [CommonMethods :1028] Screenshot Attached
01:01:01.004 INFO  [Hooks :94] [38;5;54m @Before Step Hooks [0m
01:01:01.008 INFO  [StepNameListener :45] [38;5;208m================================================================[0m
01:01:01.008 WARN  [StepNameListener :46] [38;5;208mExecuting step: Verify UserID is Visible
01:01:01.009 INFO  [StepNameListener :47] [38;5;208m================================================================[0m
01:01:01.010 INFO  [CommonMethods :19] Verifying presense of User ID
01:01:01.017 INFO  [CommonMethods :523] Checking visibility of the Element on browser screen
01:01:31.042 INFO  [CommonMethods :21] Performing Assertion
01:01:31.043 INFO  [SftAssert :90] [31;1mAssert Failed :------------------------ User Id text is not visible in the screen[0m
01:01:31.220 INFO  [Hooks :99] [38;5;54m  @after step hook [0m
01:01:31.220 INFO  [CommonMethods :1023] Capturing Screenshot
01:01:31.350 INFO  [CommonMethods :1028] Screenshot Attached
01:01:31.353 INFO  [Hooks :106] [38;5;54m @after hook [0m
01:01:31.353 INFO  [Hooks :107] [32;1m================================================================[0m
01:01:31.360 INFO  [Hooks :108] [38;5;54mVerify user landed on Homepage and UserID is available :- Status - PASSED[0m
01:01:31.360 INFO  [Hooks :109] [32;1m================================================================[0m
01:01:31.403 INFO  [Hooks :127] [38;5;54m @AfterAll Hooks [0m
01:01:31.403 INFO  [Hooks :129] Deleting cookies
01:01:31.451 INFO  [Hooks :132] Closing the Driver
01:01:32.988 INFO  [Hooks :139] Driver Closed
01:01:37.186 INFO  [ealrunner :43] [38;5;135m@AfterClass-EALRunner Running one time[0m
01:03:57.220 INFO  [Driver :123] creating temp directory in -Chrome
01:04:00.906 INFO  [ealrunner :38] [38;5;135m@BeforeClass-EALRunner Running one time[0m
01:04:01.356 INFO  [Hooks :54] [38;5;54m @Before All Hooks [0m
01:04:01.357 INFO  [Driver :212] [31;1mBrowser Setup[0m
01:04:01.656 INFO  [ConfigurationReader :23] [38;5;201m****************** Current Profile: null******************[0m
01:04:01.657 INFO  [ConfigurationReader :30] Current configFile =Configuration.properties
01:04:05.408 INFO  [Driver :218] URL Lunched:https://demo.guru99.com/V3/index.php
01:04:06.087 INFO  [Hooks :66] [38;5;54m @Before hook- Runs before every tcs [0m
01:04:06.088 INFO  [Hooks :68] [32;1m================================================================[0m
01:04:06.088 INFO  [Hooks :70] [32;1mScenario Title: Verify user landed on Homepage and UserID is available[0m
01:04:06.089 INFO  [Hooks :71] [32;1m================================================================[0m
01:04:06.152 INFO  [Hooks :94] [38;5;54m @Before Step Hooks [0m
01:04:06.163 INFO  [StepNameListener :45] [38;5;208m================================================================[0m
01:04:06.164 WARN  [StepNameListener :46] [38;5;208mExecuting step: Validate User landed on homepage
01:04:06.164 INFO  [StepNameListener :47] [38;5;208m================================================================[0m
01:08:51.639 INFO  [Driver :123] creating temp directory in -Chrome
01:08:53.927 INFO  [ealrunner :38] [38;5;135m@BeforeClass-EALRunner Running one time[0m
01:08:54.256 INFO  [Hooks :54] [38;5;54m @Before All Hooks [0m
01:08:54.257 INFO  [Driver :212] [31;1mBrowser Setup[0m
01:08:54.360 INFO  [ConfigurationReader :23] [38;5;201m****************** Current Profile: null******************[0m
01:08:54.361 INFO  [ConfigurationReader :30] Current configFile =Configuration.properties
01:08:56.487 INFO  [Driver :218] URL Lunched:https://demo.guru99.com/V3/index.php
01:08:56.954 INFO  [Hooks :66] [38;5;54m @Before hook- Runs before every tcs [0m
01:08:56.955 INFO  [Hooks :68] [32;1m================================================================[0m
01:08:56.955 INFO  [Hooks :70] [32;1mScenario Title: Verify user landed on Homepage and UserID is available[0m
01:08:56.956 INFO  [Hooks :71] [32;1m================================================================[0m
01:08:56.999 INFO  [Hooks :94] [38;5;54m @Before Step Hooks [0m
01:08:57.008 INFO  [StepNameListener :45] [38;5;208m================================================================[0m
01:08:57.009 WARN  [StepNameListener :46] [38;5;208mExecuting step: Validate User landed on homepage
01:08:57.010 INFO  [StepNameListener :47] [38;5;208m================================================================[0m
01:08:57.013 INFO  [CommonMethods :12] Verify Title
01:08:57.014 INFO  [CommonMethods :17] Getting the Actual Title
01:08:57.028 INFO  [CommonMethods :19] Got the title
01:08:57.028 INFO  [CommonMethods :14] Performing Assertion
01:08:57.029 INFO  [SftAssert :78] [34;1mAssert Passed :---------------------- Title Matched Successfully[0m
01:08:57.058 INFO  [Hooks :99] [38;5;54m  @after step hook [0m
01:08:57.066 INFO  [CommonMethods :1023] Capturing Screenshot
01:08:57.201 INFO  [CommonMethods :1028] Screenshot Attached
01:08:57.203 INFO  [Hooks :94] [38;5;54m @Before Step Hooks [0m
01:08:57.206 INFO  [StepNameListener :45] [38;5;208m================================================================[0m
01:08:57.206 WARN  [StepNameListener :46] [38;5;208mExecuting step: Verify UserID is Visible
01:08:57.207 INFO  [StepNameListener :47] [38;5;208m================================================================[0m
01:08:57.208 INFO  [CommonMethods :19] Verifying presense of User ID
01:08:57.213 INFO  [CommonMethods :523] Checking visibility of the Element on browser screen
01:09:27.266 INFO  [CommonMethods :21] Performing Assertion
01:09:27.267 INFO  [SftAssert :90] [31;1mAssert Failed :------------------------ User Id text is not visible in the screen[0m
01:09:27.403 INFO  [Hooks :99] [38;5;54m  @after step hook [0m
01:09:27.404 INFO  [CommonMethods :1023] Capturing Screenshot
01:09:27.516 INFO  [CommonMethods :1028] Screenshot Attached
01:09:27.520 INFO  [Hooks :106] [38;5;54m @after hook [0m
01:09:27.521 INFO  [Hooks :107] [32;1m================================================================[0m
01:09:27.525 INFO  [Hooks :108] [38;5;54mVerify user landed on Homepage and UserID is available :- Status - PASSED[0m
01:09:27.526 INFO  [Hooks :109] [32;1m================================================================[0m
01:09:27.568 INFO  [Hooks :127] [38;5;54m @AfterAll Hooks [0m
01:09:27.569 INFO  [Hooks :129] Deleting cookies
01:09:27.612 INFO  [Hooks :132] Closing the Driver
01:09:27.868 INFO  [Hooks :139] Driver Closed
01:09:31.277 INFO  [ealrunner :43] [38;5;135m@AfterClass-EALRunner Running one time[0m
01:12:37.654 INFO  [Driver :123] creating temp directory in -Chrome
01:12:40.964 INFO  [ealrunner :38] [38;5;135m@BeforeClass-EALRunner Running one time[0m
01:12:41.527 INFO  [Hooks :54] [38;5;54m @Before All Hooks [0m
01:12:41.527 INFO  [Driver :212] [31;1mBrowser Setup[0m
01:12:41.754 INFO  [ConfigurationReader :23] [38;5;201m****************** Current Profile: null******************[0m
01:12:41.755 INFO  [ConfigurationReader :30] Current configFile =Configuration.properties
01:12:42.506 INFO  [Driver :218] URL Lunched:https://demo.guru99.com/V3/index.php
01:12:45.098 INFO  [Hooks :66] [38;5;54m @Before hook- Runs before every tcs [0m
01:12:45.099 INFO  [Hooks :68] [32;1m================================================================[0m
01:12:45.100 INFO  [Hooks :70] [32;1mScenario Title: Verify user landed on Homepage and UserID is available[0m
01:12:45.101 INFO  [Hooks :71] [32;1m================================================================[0m
01:12:45.291 INFO  [Hooks :94] [38;5;54m @Before Step Hooks [0m
01:12:45.299 INFO  [StepNameListener :45] [38;5;208m================================================================[0m
01:12:45.299 WARN  [StepNameListener :46] [38;5;208mExecuting step: Validate User landed on homepage
01:12:45.300 INFO  [StepNameListener :47] [38;5;208m================================================================[0m
01:12:45.304 INFO  [CommonMethods :12] Verify Title
01:12:45.306 INFO  [CommonMethods :17] Getting the Actual Title
01:12:45.380 INFO  [CommonMethods :19] Got the title
01:12:45.381 INFO  [CommonMethods :14] Performing Assertion
01:12:45.382 INFO  [SftAssert :78] [34;1mAssert Passed :---------------------- Title Matched Successfully[0m
01:12:45.399 INFO  [Hooks :99] [38;5;54m  @after step hook [0m
01:12:45.412 INFO  [CommonMethods :1023] Capturing Screenshot
01:12:45.583 INFO  [CommonMethods :1028] Screenshot Attached
01:12:45.586 INFO  [Hooks :94] [38;5;54m @Before Step Hooks [0m
01:12:45.591 INFO  [StepNameListener :45] [38;5;208m================================================================[0m
01:12:45.592 WARN  [StepNameListener :46] [38;5;208mExecuting step: Verify UserID is Visible
01:12:45.593 INFO  [StepNameListener :47] [38;5;208m================================================================[0m
01:12:45.594 INFO  [CommonMethods :19] Verifying presense of User ID
01:12:45.601 INFO  [CommonMethods :523] Checking visibility of the Element on browser screen
01:13:15.635 INFO  [CommonMethods :21] Performing Assertion
01:13:15.636 INFO  [SftAssert :90] [31;1mAssert Failed :------------------------ User Id text is not visible in the screen[0m
01:13:15.884 INFO  [Hooks :99] [38;5;54m  @after step hook [0m
01:13:15.885 INFO  [CommonMethods :1023] Capturing Screenshot
01:13:16.105 INFO  [CommonMethods :1028] Screenshot Attached
01:13:16.113 INFO  [Hooks :106] [38;5;54m @after hook [0m
01:13:16.114 INFO  [Hooks :107] [32;1m================================================================[0m
01:13:16.121 INFO  [Hooks :108] [38;5;54mVerify user landed on Homepage and UserID is available :- Status - PASSED[0m
01:13:16.122 INFO  [Hooks :109] [32;1m================================================================[0m
01:13:16.189 INFO  [Hooks :127] [38;5;54m @AfterAll Hooks [0m
01:13:16.201 INFO  [Hooks :129] Deleting cookies
01:13:16.242 INFO  [Hooks :132] Closing the Driver
01:13:16.926 INFO  [Hooks :139] Driver Closed
01:13:24.766 INFO  [ealrunner :43] [38;5;135m@AfterClass-EALRunner Running one time[0m
01:18:24.954 INFO  [Driver :123] creating temp directory in -Chrome
01:18:28.622 INFO  [ealrunner :38] [38;5;135m@BeforeClass-EALRunner Running one time[0m
01:18:29.693 INFO  [Hooks :54] [38;5;54m @Before All Hooks [0m
01:18:29.694 INFO  [Driver :212] [31;1mBrowser Setup[0m
01:18:30.101 INFO  [ConfigurationReader :23] [38;5;201m****************** Current Profile: null******************[0m
01:18:30.103 INFO  [ConfigurationReader :30] Current configFile =Configuration.properties
01:18:32.474 INFO  [Driver :218] URL Lunched:https://demo.guru99.com/V3/index.php
01:18:33.783 INFO  [Hooks :66] [38;5;54m @Before hook- Runs before every tcs [0m
01:18:33.784 INFO  [Hooks :68] [32;1m================================================================[0m
01:18:33.785 INFO  [Hooks :70] [32;1mScenario Title: Verify user landed on Homepage and UserID is available[0m
01:18:33.786 INFO  [Hooks :71] [32;1m================================================================[0m
01:18:33.866 INFO  [Hooks :94] [38;5;54m @Before Step Hooks [0m
01:18:33.888 INFO  [StepNameListener :45] [38;5;208m================================================================[0m
01:18:33.889 WARN  [StepNameListener :46] [38;5;208mExecuting step: Validate User landed on homepage
01:18:33.890 INFO  [StepNameListener :47] [38;5;208m================================================================[0m
01:18:33.897 INFO  [CommonMethods :12] Verify Title
01:18:33.898 INFO  [CommonMethods :18] Getting the Actual Title
01:18:33.922 INFO  [CommonMethods :20] Got the title
01:18:33.923 INFO  [CommonMethods :14] Performing Assertion
01:18:33.924 INFO  [SftAssert :78] [34;1mAssert Passed :---------------------- Title Matched Successfully[0m
01:18:33.958 INFO  [Hooks :99] [38;5;54m  @after step hook [0m
01:18:33.983 INFO  [CommonMethods :1023] Capturing Screenshot
01:18:34.335 INFO  [CommonMethods :1028] Screenshot Attached
01:18:34.339 INFO  [Hooks :94] [38;5;54m @Before Step Hooks [0m
01:18:34.343 INFO  [StepNameListener :45] [38;5;208m================================================================[0m
01:18:34.344 WARN  [StepNameListener :46] [38;5;208mExecuting step: Verify UserID is Visible
01:18:34.345 INFO  [StepNameListener :47] [38;5;208m================================================================[0m
01:18:34.347 INFO  [CommonMethods :19] Verifying presense of User ID
01:18:34.360 INFO  [CommonMethods :523] Checking visibility of the Element on browser screen
01:19:04.396 INFO  [CommonMethods :21] Performing Assertion
01:19:04.397 INFO  [SftAssert :90] [31;1mAssert Failed :------------------------ User Id text is not visible in the screen[0m
01:19:04.526 INFO  [Hooks :99] [38;5;54m  @after step hook [0m
01:19:04.528 INFO  [CommonMethods :1023] Capturing Screenshot
01:19:04.642 INFO  [CommonMethods :1028] Screenshot Attached
01:19:04.644 INFO  [Hooks :106] [38;5;54m @after hook [0m
01:19:04.644 INFO  [Hooks :107] [32;1m================================================================[0m
01:19:04.651 INFO  [Hooks :108] [38;5;54mVerify user landed on Homepage and UserID is available :- Status - PASSED[0m
01:19:04.651 INFO  [Hooks :109] [32;1m================================================================[0m
01:19:04.677 INFO  [Hooks :127] [38;5;54m @AfterAll Hooks [0m
01:19:04.678 INFO  [Hooks :129] Deleting cookies
01:19:04.699 INFO  [Hooks :132] Closing the Driver
01:19:04.951 INFO  [Hooks :139] Driver Closed
01:19:09.357 INFO  [ealrunner :43] [38;5;135m@AfterClass-EALRunner Running one time[0m
22:09:42.917 INFO  [Driver :123] creating temp directory in -Chrome
22:09:48.659 INFO  [ealrunner :38] [38;5;135m@BeforeClass-EALRunner Running one time[0m
22:09:49.324 INFO  [Hooks :54] [38;5;54m @Before All Hooks [0m
22:09:49.324 INFO  [Driver :212] [31;1mBrowser Setup[0m
22:09:49.667 INFO  [ConfigurationReader :23] [38;5;201m****************** Current Profile: null******************[0m
22:09:49.668 INFO  [ConfigurationReader :30] Current configFile =Configuration.properties
22:09:52.278 INFO  [Driver :218] URL Lunched:https://demo.guru99.com/V3/index.php
22:09:53.132 INFO  [Hooks :66] [38;5;54m @Before hook- Runs before every tcs [0m
22:09:53.133 INFO  [Hooks :68] [32;1m================================================================[0m
22:09:53.134 INFO  [Hooks :70] [32;1mScenario Title: Verify user landed on Homepage and UserID is available[0m
22:09:53.135 INFO  [Hooks :71] [32;1m================================================================[0m
22:09:53.182 INFO  [Hooks :94] [38;5;54m @Before Step Hooks [0m
22:09:53.191 INFO  [StepNameListener :45] [38;5;208m================================================================[0m
22:09:53.192 WARN  [StepNameListener :46] [38;5;208mExecuting step: Validate User landed on homepage
22:09:53.193 INFO  [StepNameListener :47] [38;5;208m================================================================[0m
22:09:53.196 INFO  [CommonMethods :12] Verify Title
22:09:53.196 INFO  [CommonMethods :18] Getting the Actual Title
22:09:53.207 INFO  [CommonMethods :20] Got the title
22:09:53.208 INFO  [CommonMethods :14] Performing Assertion
22:09:53.209 INFO  [SftAssert :78] [34;1mAssert Passed :---------------------- Title Matched Successfully[0m
22:09:53.220 INFO  [Hooks :99] [38;5;54m  @after step hook [0m
22:09:53.247 INFO  [CommonMethods :1023] Capturing Screenshot
22:09:53.471 INFO  [CommonMethods :1028] Screenshot Attached
22:09:53.489 INFO  [Hooks :94] [38;5;54m @Before Step Hooks [0m
22:09:53.502 INFO  [StepNameListener :45] [38;5;208m================================================================[0m
22:09:53.503 WARN  [StepNameListener :46] [38;5;208mExecuting step: Verify UserID is Visible
22:09:53.504 INFO  [StepNameListener :47] [38;5;208m================================================================[0m
22:09:53.505 INFO  [CommonMethods :19] Verifying presense of User ID
22:09:53.515 INFO  [CommonMethods :523] Checking visibility of the Element on browser screen
22:10:23.548 INFO  [CommonMethods :21] Performing Assertion
22:10:23.549 INFO  [SftAssert :90] [31;1mAssert Failed :------------------------ User Id text is not visible in the screen[0m
22:10:23.694 INFO  [Hooks :99] [38;5;54m  @after step hook [0m
22:10:23.694 INFO  [CommonMethods :1023] Capturing Screenshot
22:10:23.795 INFO  [CommonMethods :1028] Screenshot Attached
22:10:23.797 INFO  [Hooks :106] [38;5;54m @after hook [0m
22:10:23.797 INFO  [Hooks :107] [32;1m================================================================[0m
22:10:23.800 INFO  [Hooks :108] [38;5;54mVerify user landed on Homepage and UserID is available :- Status - PASSED[0m
22:10:23.800 INFO  [Hooks :109] [32;1m================================================================[0m
22:10:23.841 INFO  [Hooks :127] [38;5;54m @AfterAll Hooks [0m
22:10:23.841 INFO  [Hooks :129] Deleting cookies
22:10:23.869 INFO  [Hooks :132] Closing the Driver
22:10:24.351 INFO  [Hooks :139] Driver Closed
22:10:28.649 INFO  [ealrunner :43] [38;5;135m@AfterClass-EALRunner Running one time[0m
22:23:28.862 INFO  [Driver :123] creating temp directory in -Chrome
22:23:31.209 INFO  [ealrunner :38] [38;5;135m@BeforeClass-EALRunner Running one time[0m
22:23:32.126 INFO  [StepNameListener :45] [38;5;208m================================================================[0m
22:23:32.127 WARN  [StepNameListener :46] [38;5;208mExecuting step: Validate User landed on homepage
22:23:32.128 INFO  [StepNameListener :47] [38;5;208m================================================================[0m
22:23:32.138 INFO  [StepNameListener :45] [38;5;208m================================================================[0m
22:23:32.138 WARN  [StepNameListener :46] [38;5;208mExecuting step: Verify Password Input is Visible
22:23:32.139 INFO  [StepNameListener :47] [38;5;208m================================================================[0m
22:23:35.023 INFO  [ealrunner :43] [38;5;135m@AfterClass-EALRunner Running one time[0m
23:10:29.715 INFO  [Driver :123] creating temp directory in -Chrome
23:10:33.896 INFO  [ealrunner :38] [38;5;135m@BeforeClass-EALRunner Running one time[0m
23:10:34.229 INFO  [Hooks :54] [38;5;54m @Before All Hooks [0m
23:10:34.229 INFO  [Driver :212] [31;1mBrowser Setup[0m
23:10:34.354 INFO  [ConfigurationReader :23] [38;5;201m****************** Current Profile: null******************[0m
23:10:34.354 INFO  [ConfigurationReader :30] Current configFile =Configuration.properties
23:10:36.410 INFO  [Driver :218] URL Lunched:https://demo.guru99.com/V3/index.php
23:10:36.872 INFO  [Hooks :66] [38;5;54m @Before hook- Runs before every tcs [0m
23:10:36.872 INFO  [Hooks :68] [32;1m================================================================[0m
23:10:36.873 INFO  [Hooks :70] [32;1mScenario Title: Verify Password input is available[0m
23:10:36.874 INFO  [Hooks :71] [32;1m================================================================[0m
23:10:36.913 INFO  [Hooks :94] [38;5;54m @Before Step Hooks [0m
23:10:36.921 INFO  [StepNameListener :45] [38;5;208m================================================================[0m
23:10:36.921 WARN  [StepNameListener :46] [38;5;208mExecuting step: Validate User landed on homepage
23:10:36.922 INFO  [StepNameListener :47] [38;5;208m================================================================[0m
23:10:36.924 INFO  [CommonMethods :12] Verify Title
23:10:36.924 INFO  [CommonMethods :28] Getting the Actual Title
23:10:36.936 INFO  [CommonMethods :30] Got the title
23:10:36.936 INFO  [CommonMethods :14] Performing Assertion
23:10:36.937 INFO  [SftAssert :78] [34;1mAssert Passed :---------------------- Title Matched Successfully[0m
23:10:36.947 INFO  [Hooks :99] [38;5;54m  @after step hook [0m
23:10:36.969 INFO  [CommonMethods :1023] Capturing Screenshot
23:10:37.085 INFO  [CommonMethods :1028] Screenshot Attached
23:10:37.087 INFO  [Hooks :94] [38;5;54m @Before Step Hooks [0m
23:10:37.090 INFO  [StepNameListener :45] [38;5;208m================================================================[0m
23:10:37.090 WARN  [StepNameListener :46] [38;5;208mExecuting step: Verify Password Input is Visible
23:10:37.090 INFO  [StepNameListener :47] [38;5;208m================================================================[0m
23:10:37.091 INFO  [CommonMethods :27] Verifying presense of Password field
23:10:37.928 INFO  [CommonMethods :508] isElelementPresent=True
23:10:37.934 INFO  [CommonMethods :29] Performing Assertion
23:10:37.935 INFO  [SftAssert :78] [34;1mAssert Passed :---------------------- Password Text is Visible in the screen[0m
23:10:37.937 INFO  [Hooks :99] [38;5;54m  @after step hook [0m
23:10:37.937 INFO  [CommonMethods :1023] Capturing Screenshot
23:10:38.040 INFO  [CommonMethods :1028] Screenshot Attached
23:10:38.046 INFO  [Hooks :106] [38;5;54m @after hook [0m
23:10:38.047 INFO  [Hooks :107] [32;1m================================================================[0m
23:10:38.053 INFO  [Hooks :108] [38;5;54mVerify Password input is available :- Status - PASSED[0m
23:10:38.053 INFO  [Hooks :109] [32;1m================================================================[0m
23:10:38.062 INFO  [Hooks :127] [38;5;54m @AfterAll Hooks [0m
23:10:38.062 INFO  [Hooks :129] Deleting cookies
23:10:38.187 INFO  [Hooks :132] Closing the Driver
23:10:39.372 INFO  [Hooks :139] Driver Closed
23:10:42.944 INFO  [ealrunner :43] [38;5;135m@AfterClass-EALRunner Running one time[0m
23:50:35.568 INFO  [Driver :123] creating temp directory in -Chrome
23:50:38.128 INFO  [ealrunner :38] [38;5;135m@BeforeClass-EALRunner Running one time[0m
23:50:39.047 INFO  [StepNameListener :45] [38;5;208m================================================================[0m
23:50:39.047 WARN  [StepNameListener :46] [38;5;208mExecuting step: Validate User landed on homepage
23:50:39.048 INFO  [StepNameListener :47] [38;5;208m================================================================[0m
23:50:39.057 INFO  [StepNameListener :45] [38;5;208m================================================================[0m
23:50:39.057 WARN  [StepNameListener :46] [38;5;208mExecuting step: Verify UserID is Visible
23:50:39.058 INFO  [StepNameListener :47] [38;5;208m================================================================[0m
23:50:39.082 INFO  [StepNameListener :45] [38;5;208m================================================================[0m
23:50:39.083 WARN  [StepNameListener :46] [38;5;208mExecuting step: Validate User landed on homepage
23:50:39.083 INFO  [StepNameListener :47] [38;5;208m================================================================[0m
23:50:39.088 INFO  [StepNameListener :45] [38;5;208m================================================================[0m
23:50:39.089 WARN  [StepNameListener :46] [38;5;208mExecuting step: Verify Password Input is Visible
23:50:39.090 INFO  [StepNameListener :47] [38;5;208m================================================================[0m
23:50:42.842 INFO  [ealrunner :43] [38;5;135m@AfterClass-EALRunner Running one time[0m
23:51:29.063 INFO  [Driver :123] creating temp directory in -Chrome
23:51:31.390 INFO  [ealrunner :38] [38;5;135m@BeforeClass-EALRunner Running one time[0m
23:51:32.224 INFO  [StepNameListener :45] [38;5;208m================================================================[0m
23:51:32.225 WARN  [StepNameListener :46] [38;5;208mExecuting step: Validate User landed on homepage
23:51:32.225 INFO  [StepNameListener :47] [38;5;208m================================================================[0m
23:51:32.235 INFO  [StepNameListener :45] [38;5;208m================================================================[0m
23:51:32.235 WARN  [StepNameListener :46] [38;5;208mExecuting step: Verify UserID is Visible
23:51:32.236 INFO  [StepNameListener :47] [38;5;208m================================================================[0m
23:51:32.266 INFO  [StepNameListener :45] [38;5;208m================================================================[0m
23:51:32.269 WARN  [StepNameListener :46] [38;5;208mExecuting step: Validate User landed on homepage
23:51:32.269 INFO  [StepNameListener :47] [38;5;208m================================================================[0m
23:51:32.275 INFO  [StepNameListener :45] [38;5;208m================================================================[0m
23:51:32.276 WARN  [StepNameListener :46] [38;5;208mExecuting step: Verify Password Input is Visible
23:51:32.277 INFO  [StepNameListener :47] [38;5;208m================================================================[0m
23:51:35.848 INFO  [ealrunner :43] [38;5;135m@AfterClass-EALRunner Running one time[0m
23:52:06.877 INFO  [Driver :123] creating temp directory in -Chrome
23:52:09.872 INFO  [ealrunner :38] [38;5;135m@BeforeClass-EALRunner Running one time[0m
23:52:11.037 INFO  [StepNameListener :45] [38;5;208m================================================================[0m
23:52:11.038 WARN  [StepNameListener :46] [38;5;208mExecuting step: Validate User landed on homepage
23:52:11.039 INFO  [StepNameListener :47] [38;5;208m================================================================[0m
23:52:11.052 INFO  [StepNameListener :45] [38;5;208m================================================================[0m
23:52:11.053 WARN  [StepNameListener :46] [38;5;208mExecuting step: Verify UserID is Visible
23:52:11.054 INFO  [StepNameListener :47] [38;5;208m================================================================[0m
23:52:11.094 INFO  [StepNameListener :45] [38;5;208m================================================================[0m
23:52:11.096 WARN  [StepNameListener :46] [38;5;208mExecuting step: Validate User landed on homepage
23:52:11.097 INFO  [StepNameListener :47] [38;5;208m================================================================[0m
23:52:11.103 INFO  [StepNameListener :45] [38;5;208m================================================================[0m
23:52:11.104 WARN  [StepNameListener :46] [38;5;208mExecuting step: Verify Password Input is Visible
23:52:11.105 INFO  [StepNameListener :47] [38;5;208m================================================================[0m
23:52:16.238 INFO  [ealrunner :43] [38;5;135m@AfterClass-EALRunner Running one time[0m
23:53:55.612 INFO  [Driver :123] creating temp directory in -Chrome
23:53:59.075 INFO  [ealrunner :38] [38;5;135m@BeforeClass-EALRunner Running one time[0m
23:54:00.230 INFO  [StepNameListener :45] [38;5;208m================================================================[0m
23:54:00.231 WARN  [StepNameListener :46] [38;5;208mExecuting step: Validate User landed on homepage
23:54:00.231 INFO  [StepNameListener :47] [38;5;208m================================================================[0m
23:54:00.238 INFO  [StepNameListener :45] [38;5;208m================================================================[0m
23:54:00.239 WARN  [StepNameListener :46] [38;5;208mExecuting step: Verify UserID is Visible
23:54:00.239 INFO  [StepNameListener :47] [38;5;208m================================================================[0m
23:54:04.407 INFO  [ealrunner :43] [38;5;135m@AfterClass-EALRunner Running one time[0m
23:58:48.346 INFO  [Driver :123] creating temp directory in -Chrome
23:58:50.850 INFO  [ealrunner :38] [38;5;135m@BeforeClass-EALRunner Running one time[0m
23:58:51.822 INFO  [StepNameListener :45] [38;5;208m================================================================[0m
23:58:51.823 WARN  [StepNameListener :46] [38;5;208mExecuting step: Validate User landed on homepage
23:58:51.823 INFO  [StepNameListener :47] [38;5;208m================================================================[0m
23:58:51.834 INFO  [StepNameListener :45] [38;5;208m================================================================[0m
23:58:51.835 WARN  [StepNameListener :46] [38;5;208mExecuting step: Verify UserID is Visible
23:58:51.835 INFO  [StepNameListener :47] [38;5;208m================================================================[0m
23:58:55.147 INFO  [ealrunner :43] [38;5;135m@AfterClass-EALRunner Running one time[0m
00:05:52.411 INFO  [Driver :123] creating temp directory in -Chrome
00:05:56.353 INFO  [ealrunner :38] [38;5;135m@BeforeClass-EALRunner Running one time[0m
00:05:56.981 INFO  [Hooks :54] [38;5;54m @Before All Hooks [0m
00:05:56.983 INFO  [Driver :212] [31;1mBrowser Setup[0m
00:05:57.145 INFO  [ConfigurationReader :23] [38;5;201m****************** Current Profile: null******************[0m
00:05:57.146 INFO  [ConfigurationReader :30] Current configFile =Configuration.properties
00:06:00.149 INFO  [Driver :218] URL Lunched:https://demo.guru99.com/V3/index.php
00:06:01.006 INFO  [Hooks :66] [38;5;54m @Before hook- Runs before every tcs [0m
00:06:01.007 INFO  [Hooks :68] [32;1m================================================================[0m
00:06:01.009 INFO  [Hooks :70] [32;1mScenario Title: Verify user landed on Homepage and UserID is available[0m
00:06:01.010 INFO  [Hooks :71] [32;1m================================================================[0m
00:06:01.124 INFO  [Hooks :94] [38;5;54m @Before Step Hooks [0m
00:06:01.136 INFO  [StepNameListener :45] [38;5;208m================================================================[0m
00:06:01.137 WARN  [StepNameListener :46] [38;5;208mExecuting step: Validate User landed on homepage
00:06:01.138 INFO  [StepNameListener :47] [38;5;208m================================================================[0m
00:06:01.140 INFO  [CommonMethods :12] Verify Title
00:06:01.141 INFO  [CommonMethods :28] Getting the Actual Title
00:06:01.163 INFO  [CommonMethods :30] Got the title
00:06:01.164 INFO  [CommonMethods :14] Performing Assertion
00:06:01.165 INFO  [SftAssert :78] [34;1mAssert Passed :---------------------- Title Matched Successfully[0m
00:06:01.193 INFO  [Hooks :99] [38;5;54m  @after step hook [0m
00:06:01.203 INFO  [CommonMethods :1023] Capturing Screenshot
00:06:01.404 INFO  [CommonMethods :1028] Screenshot Attached
00:06:01.407 INFO  [Hooks :94] [38;5;54m @Before Step Hooks [0m
00:06:01.413 INFO  [StepNameListener :45] [38;5;208m================================================================[0m
00:06:01.414 WARN  [StepNameListener :46] [38;5;208mExecuting step: Verify UserID is Visible
00:06:01.414 INFO  [StepNameListener :47] [38;5;208m================================================================[0m
00:06:01.415 INFO  [CommonMethods :19] Verifying presense of User ID
00:06:02.357 INFO  [CommonMethods :508] isElelementPresent=True
00:06:02.364 INFO  [CommonMethods :21] Performing Assertion
00:06:02.365 INFO  [SftAssert :78] [34;1mAssert Passed :---------------------- User ID Text is Visible in the screen[0m
00:06:02.369 INFO  [Hooks :99] [38;5;54m  @after step hook [0m
00:06:02.370 INFO  [CommonMethods :1023] Capturing Screenshot
00:06:02.502 INFO  [CommonMethods :1028] Screenshot Attached
00:06:02.506 INFO  [Hooks :106] [38;5;54m @after hook [0m
00:06:02.506 INFO  [Hooks :107] [32;1m================================================================[0m
00:06:02.512 INFO  [Hooks :108] [38;5;54mVerify user landed on Homepage and UserID is available :- Status - PASSED[0m
00:06:02.513 INFO  [Hooks :109] [32;1m================================================================[0m
00:06:02.527 INFO  [Hooks :127] [38;5;54m @AfterAll Hooks [0m
00:06:02.527 INFO  [Hooks :129] Deleting cookies
00:06:02.549 INFO  [Hooks :132] Closing the Driver
00:06:03.912 INFO  [Hooks :139] Driver Closed
00:06:12.955 INFO  [ealrunner :43] [38;5;135m@AfterClass-EALRunner Running one time[0m
00:08:39.171 INFO  [Driver :123] creating temp directory in -Chrome
00:08:42.730 INFO  [ealrunner :38] [38;5;135m@BeforeClass-EALRunner Running one time[0m
00:08:43.280 INFO  [Hooks :54] [38;5;54m @Before All Hooks [0m
00:08:43.281 INFO  [Driver :212] [31;1mBrowser Setup[0m
00:08:43.483 INFO  [ConfigurationReader :23] [38;5;201m****************** Current Profile: null******************[0m
00:08:43.485 INFO  [ConfigurationReader :30] Current configFile =Configuration.properties
00:08:45.759 INFO  [Driver :218] URL Lunched:https://demo.guru99.com/V3/index.php
00:08:46.415 INFO  [Hooks :66] [38;5;54m @Before hook- Runs before every tcs [0m
00:08:46.416 INFO  [Hooks :68] [32;1m================================================================[0m
00:08:46.417 INFO  [Hooks :70] [32;1mScenario Title: Verify user landed on Homepage and UserID is available[0m
00:08:46.417 INFO  [Hooks :71] [32;1m================================================================[0m
00:08:46.478 INFO  [Hooks :94] [38;5;54m @Before Step Hooks [0m
00:08:46.491 INFO  [StepNameListener :45] [38;5;208m================================================================[0m
00:08:46.493 WARN  [StepNameListener :46] [38;5;208mExecuting step: Validate User landed on homepage
00:08:46.493 INFO  [StepNameListener :47] [38;5;208m================================================================[0m
00:08:46.513 INFO  [CommonMethods :12] Verify Title
00:08:46.514 INFO  [CommonMethods :28] Getting the Actual Title
00:08:46.526 INFO  [CommonMethods :30] Got the title
00:08:46.527 INFO  [CommonMethods :14] Performing Assertion
00:08:46.528 INFO  [SftAssert :78] [34;1mAssert Passed :---------------------- Title Matched Successfully[0m
00:08:46.537 INFO  [Hooks :99] [38;5;54m  @after step hook [0m
00:08:46.545 INFO  [CommonMethods :1023] Capturing Screenshot
00:08:46.732 INFO  [CommonMethods :1028] Screenshot Attached
00:08:46.735 INFO  [Hooks :94] [38;5;54m @Before Step Hooks [0m
00:08:46.742 INFO  [StepNameListener :45] [38;5;208m================================================================[0m
00:08:46.744 WARN  [StepNameListener :46] [38;5;208mExecuting step: Verify UserID is Visible
00:08:46.745 INFO  [StepNameListener :47] [38;5;208m================================================================[0m
00:08:46.749 INFO  [CommonMethods :19] Verifying presense of User ID
00:08:47.738 INFO  [CommonMethods :508] isElelementPresent=True
00:08:47.745 INFO  [CommonMethods :21] Performing Assertion
00:08:47.746 INFO  [SftAssert :78] [34;1mAssert Passed :---------------------- User ID Text is Visible in the screen[0m
00:08:47.750 INFO  [Hooks :99] [38;5;54m  @after step hook [0m
00:08:47.750 INFO  [CommonMethods :1023] Capturing Screenshot
00:08:47.909 INFO  [CommonMethods :1028] Screenshot Attached
00:08:47.912 INFO  [Hooks :106] [38;5;54m @after hook [0m
00:08:47.913 INFO  [Hooks :107] [32;1m================================================================[0m
00:08:47.918 INFO  [Hooks :108] [38;5;54mVerify user landed on Homepage and UserID is available :- Status - PASSED[0m
00:08:47.919 INFO  [Hooks :109] [32;1m================================================================[0m
00:08:47.984 INFO  [Hooks :66] [38;5;54m @Before hook- Runs before every tcs [0m
00:08:47.984 INFO  [Hooks :68] [32;1m================================================================[0m
00:08:47.985 INFO  [Hooks :70] [32;1mScenario Title: Verify Password input is available[0m
00:08:47.986 INFO  [Hooks :71] [32;1m================================================================[0m
00:08:48.016 INFO  [Hooks :94] [38;5;54m @Before Step Hooks [0m
00:08:48.018 INFO  [StepNameListener :45] [38;5;208m================================================================[0m
00:08:48.018 WARN  [StepNameListener :46] [38;5;208mExecuting step: Validate User landed on homepage
00:08:48.019 INFO  [StepNameListener :47] [38;5;208m================================================================[0m
00:08:48.019 INFO  [CommonMethods :12] Verify Title
00:08:48.020 INFO  [CommonMethods :28] Getting the Actual Title
00:08:48.027 INFO  [CommonMethods :30] Got the title
00:08:48.028 INFO  [CommonMethods :14] Performing Assertion
00:08:48.028 INFO  [SftAssert :78] [34;1mAssert Passed :---------------------- Title Matched Successfully[0m
00:08:48.030 INFO  [Hooks :99] [38;5;54m  @after step hook [0m
00:08:48.031 INFO  [CommonMethods :1023] Capturing Screenshot
00:08:48.147 INFO  [CommonMethods :1028] Screenshot Attached
00:08:48.149 INFO  [Hooks :94] [38;5;54m @Before Step Hooks [0m
00:08:48.151 INFO  [StepNameListener :45] [38;5;208m================================================================[0m
00:08:48.151 WARN  [StepNameListener :46] [38;5;208mExecuting step: Verify Password Input is Visible
00:08:48.152 INFO  [StepNameListener :47] [38;5;208m================================================================[0m
00:08:48.153 INFO  [CommonMethods :27] Verifying presense of Password field
00:08:48.996 INFO  [CommonMethods :508] isElelementPresent=True
00:08:49.022 INFO  [CommonMethods :29] Performing Assertion
00:08:49.022 INFO  [SftAssert :78] [34;1mAssert Passed :---------------------- Password Text is Visible in the screen[0m
00:08:49.026 INFO  [Hooks :99] [38;5;54m  @after step hook [0m
00:08:49.027 INFO  [CommonMethods :1023] Capturing Screenshot
00:08:49.193 INFO  [CommonMethods :1028] Screenshot Attached
00:08:49.195 INFO  [Hooks :106] [38;5;54m @after hook [0m
00:08:49.195 INFO  [Hooks :107] [32;1m================================================================[0m
00:08:49.195 INFO  [Hooks :108] [38;5;54mVerify Password input is available :- Status - PASSED[0m
00:08:49.196 INFO  [Hooks :109] [32;1m================================================================[0m
00:08:49.202 INFO  [Hooks :127] [38;5;54m @AfterAll Hooks [0m
00:08:49.202 INFO  [Hooks :129] Deleting cookies
00:08:49.232 INFO  [Hooks :132] Closing the Driver
00:08:50.882 INFO  [Hooks :139] Driver Closed
00:08:56.348 INFO  [ealrunner :43] [38;5;135m@AfterClass-EALRunner Running one time[0m
